2023-02-28 18:30:55,008 INFO o.a.j.u.JMeterUtils: Setting Locale to en_EN
2023-02-28 18:30:55,089 INFO o.a.j.JMeter: Loading user properties from: /jmeter/apache-jmeter-5.4.3/bin/user.properties
2023-02-28 18:30:55,094 INFO o.a.j.JMeter: Loading system properties from: /jmeter/apache-jmeter-5.4.3/bin/system.properties
2023-02-28 18:30:55,097 INFO o.a.j.JMeter: Setting System property: server_port=1099
2023-02-28 18:30:55,098 INFO o.a.j.JMeter: Setting System property: server.rmi.localport=50000
2023-02-28 18:30:55,099 INFO o.a.j.JMeter: Setting System property: server_port=1099
2023-02-28 18:30:55,104 INFO o.a.j.JMeter: Setting JMeter property: server.rmi.ssl.disable=true
2023-02-28 18:30:55,149 INFO o.a.j.JMeter: Copyright (c) 1998-2021 The Apache Software Foundation
2023-02-28 18:30:55,151 INFO o.a.j.JMeter: Version 5.4.3
2023-02-28 18:30:55,166 INFO o.a.j.JMeter: java.version=11.0.17
2023-02-28 18:30:55,170 INFO o.a.j.JMeter: java.vm.name=OpenJDK 64-Bit Server VM
2023-02-28 18:30:55,177 INFO o.a.j.JMeter: os.name=Linux
2023-02-28 18:30:55,187 INFO o.a.j.JMeter: os.arch=amd64
2023-02-28 18:30:55,192 INFO o.a.j.JMeter: os.version=5.10.16.3-microsoft-standard-WSL2
2023-02-28 18:30:55,193 INFO o.a.j.JMeter: file.encoding=UTF-8
2023-02-28 18:30:55,197 INFO o.a.j.JMeter: java.awt.headless=true
2023-02-28 18:30:55,203 INFO o.a.j.JMeter: Max memory     =1073741824
2023-02-28 18:30:55,224 INFO o.a.j.JMeter: Available Processors =4
2023-02-28 18:30:55,282 INFO o.a.j.JMeter: Default Locale=English (EN)
2023-02-28 18:30:55,298 INFO o.a.j.JMeter: JMeter  Locale=English (EN)
2023-02-28 18:30:55,299 INFO o.a.j.JMeter: JMeterHome=/jmeter/apache-jmeter-5.4.3
2023-02-28 18:30:55,306 INFO o.a.j.JMeter: user.dir  =/jmeter/apache-jmeter-5.4.3
2023-02-28 18:30:55,312 INFO o.a.j.JMeter: PWD       =/jmeter/apache-jmeter-5.4.3
2023-02-28 18:30:55,314 INFO o.a.j.JMeter: IP: 172.28.5.20 Name: 56b2d48d0d84 FullName: 56b2d48d0d84
2023-02-28 18:30:55,360 INFO o.a.j.r.RmiUtils: Disabling SSL for RMI as server.rmi.ssl.disable is set to 'true'
2023-02-28 18:30:55,366 INFO o.a.j.r.RmiUtils: Disabling SSL for RMI as server.rmi.ssl.disable is set to 'true'
2023-02-28 18:30:56,058 INFO o.a.j.e.RemoteJMeterEngineImpl: Starting backing engine on 1099
2023-02-28 18:30:56,091 INFO o.a.j.r.RmiUtils: System property 'java.rmi.server.hostname' is not defined, using localHost address
2023-02-28 18:30:56,093 INFO o.a.j.r.RmiUtils: Local IP address=172.28.5.20
2023-02-28 18:30:56,098 INFO o.a.j.e.RemoteJMeterEngineImpl: IP address is a site-local address; this may cause problems with remote access.
	Can be overridden by defining the system property 'java.rmi.server.hostname' - see jmeter-server script file
2023-02-28 18:30:56,119 INFO o.a.j.e.RemoteJMeterEngineImpl: Creating RMI registry (server.rmi.create=true)
2023-02-28 18:30:56,140 INFO o.a.j.r.RmiUtils: Disabling SSL for RMI as server.rmi.ssl.disable is set to 'true'
2023-02-28 18:30:56,142 INFO o.a.j.r.RmiUtils: Disabling SSL for RMI as server.rmi.ssl.disable is set to 'true'
2023-02-28 18:30:56,162 INFO o.a.j.e.RemoteJMeterEngineImpl: Bound to RMI registry on port 1099
2023-02-28 18:52:00,184 INFO o.a.j.s.SampleEvent: List of sample_variables: []
2023-02-28 18:52:00,228 INFO o.a.j.p.h.s.HTTPSamplerBase: Parser for text/html is org.apache.jmeter.protocol.http.parser.LagartoBasedHtmlParser
2023-02-28 18:52:00,229 INFO o.a.j.p.h.s.HTTPSamplerBase: Parser for application/xhtml+xml is org.apache.jmeter.protocol.http.parser.LagartoBasedHtmlParser
2023-02-28 18:52:00,229 INFO o.a.j.p.h.s.HTTPSamplerBase: Parser for application/xml is org.apache.jmeter.protocol.http.parser.LagartoBasedHtmlParser
2023-02-28 18:52:00,230 INFO o.a.j.p.h.s.HTTPSamplerBase: Parser for text/xml is org.apache.jmeter.protocol.http.parser.LagartoBasedHtmlParser
2023-02-28 18:52:00,230 INFO o.a.j.p.h.s.HTTPSamplerBase: Parser for text/vnd.wap.wml is org.apache.jmeter.protocol.http.parser.RegexpHTMLParser
2023-02-28 18:52:00,230 INFO o.a.j.p.h.s.HTTPSamplerBase: Parser for text/css is org.apache.jmeter.protocol.http.parser.CssParser
2023-02-28 18:52:00,282 INFO o.a.j.e.RemoteJMeterEngineImpl: Creating JMeter engine on host jmeter-server-1 base '.'
2023-02-28 18:52:00,283 INFO o.a.j.e.RemoteJMeterEngineImpl: Remote client host: 172.28.5.30
2023-02-28 18:52:00,290 INFO o.a.j.s.FileServer: Default base='/jmeter/apache-jmeter-5.4.3'
2023-02-28 18:52:00,291 INFO o.a.j.s.FileServer: Set new base='.'
2023-02-28 18:52:00,295 INFO o.a.j.e.StandardJMeterEngine: Applying properties {redis.ssl.enable=true, redis.port=6379, influxdb.bucket=jmeter, influxdb.hostname=influxdb, api.host=httpbin.org, mode=org.ifisolution.plugins.samplers.InfluxSampleSender, test.name=sample, test.runId=, reports.dir=/jmeter/repo/results, api.user.name=alpana, save_error_response=true, save_measure_sub_result=, redis.ssl.truststore.password=redis-cert@alpana, ramp.up.seconds=1, redis.host=redis, redis.ssl.truststore.file=/tmp/server-ca.jks, api.protocol=https, startup.delay.seconds=5, duration.seconds=300, influxdb.port=8086, influxdb.token=ScHCbdo6A2goQ9afT3iGnh4VoZUvViEwmH8dpcGWm45B2mfAN2n1EM33oG5otv2cCTvkiO92-CFpC9wHpQXNVQ==, redis.password=redis@alpana, master_send_result=true, number.of.threads=1, loop.count=1, api.user.password=httpbin, influxdb.organization=alps, redis.ssl.truststore.type=JKS}
2023-02-28 18:52:00,297 INFO o.a.j.e.RemoteJMeterEngineImpl: Running test
2023-02-28 18:52:00,323 INFO o.a.j.e.StandardJMeterEngine: Running the test!
2023-02-28 18:52:00,324 INFO o.a.j.s.SampleEvent: List of sample_variables: []
2023-02-28 18:52:00,339 INFO o.a.j.e.u.CompoundVariable: Note: Function class names must contain the string: '.functions.'
2023-02-28 18:52:00,340 INFO o.a.j.e.u.CompoundVariable: Note: Function class names must not contain the string: '.gui.'
2023-02-28 18:52:03,042 INFO o.a.j.e.StandardJMeterEngine: Starting setUp thread groups
2023-02-28 18:52:03,043 INFO o.a.j.e.StandardJMeterEngine: Starting setUp ThreadGroup: 1 : setUp Thread Group 
2023-02-28 18:52:03,044 INFO o.a.j.e.StandardJMeterEngine: Starting 1 threads for group setUp Thread Group.
2023-02-28 18:52:03,045 INFO o.a.j.e.StandardJMeterEngine: Test will stop abruptly on error
2023-02-28 18:52:03,046 INFO o.a.j.t.ThreadGroup: Starting thread group... number=1 threads=1 ramp-up=1 delayedStart=false
2023-02-28 18:52:03,062 INFO o.a.j.t.ThreadGroup: Started thread group number 1
2023-02-28 18:52:03,062 INFO o.a.j.e.StandardJMeterEngine: Waiting for all setup thread groups to exit
2023-02-28 18:52:03,069 INFO o.a.j.t.JMeterThread: Thread started: jmeter-server-1-setUp Thread Group 1-1
2023-02-28 18:52:03,082 INFO o.a.j.s.SampleResult: Note: Sample TimeStamps are START times
2023-02-28 18:52:03,086 INFO o.a.j.s.SampleResult: sampleresult.default.encoding is set to ISO-8859-1
2023-02-28 18:52:03,090 INFO o.a.j.s.SampleResult: sampleresult.useNanoTime=true
2023-02-28 18:52:03,092 INFO o.a.j.s.SampleResult: sampleresult.nanoThreadSleep=5000
2023-02-28 18:52:05,778 INFO o.a.j.p.j.s.J.Initialize jedis connection: Redis: Connection Details: Host:redis port:6379 ssl_enable: true
2023-02-28 18:52:06,550 INFO o.a.j.p.j.s.J.Initialize jedis connection: Redis: connected! ping --> PONG
2023-02-28 18:52:06,595 INFO o.a.j.p.j.s.J.Initialize jedis connection: Redis: Deleted all data - OK
2023-02-28 18:52:06,599 INFO o.a.j.p.j.s.J.Initialize jedis connection: Redis: disconnected and closed!
2023-02-28 18:52:07,082 INFO o.i.i.InfluxClient: Executing Initial Health Check to http://influxdb:8086
2023-02-28 18:52:07,290 INFO o.i.i.InfluxClient: Influx Database health status: pass
2023-02-28 18:52:07,291 INFO o.i.m.i.TestResultMeasureManager: Acquired Influx Client to http://influxdb:8086
2023-02-28 18:52:07,467 INFO o.a.j.t.JMeterThread: Thread is done: jmeter-server-1-setUp Thread Group 1-1
2023-02-28 18:52:07,467 INFO o.a.j.t.JMeterThread: Thread finished: jmeter-server-1-setUp Thread Group 1-1
2023-02-28 18:52:07,478 INFO o.a.j.e.StandardJMeterEngine: All Setup Threads have ended
2023-02-28 18:52:07,581 INFO o.a.j.e.StandardJMeterEngine: Starting ThreadGroup: 1 : Thread Group HTTP Methods
2023-02-28 18:52:07,584 INFO o.a.j.e.StandardJMeterEngine: Starting 1 threads for group Thread Group HTTP Methods.
2023-02-28 18:52:07,584 INFO o.a.j.e.StandardJMeterEngine: Thread will continue on error
2023-02-28 18:52:07,596 INFO o.a.j.t.ThreadGroup: Starting thread group... number=1 threads=1 ramp-up=1 delayedStart=true
2023-02-28 18:52:07,616 INFO o.a.j.t.ThreadGroup: Started thread group number 1
2023-02-28 18:52:07,617 INFO o.a.j.e.StandardJMeterEngine: Starting ThreadGroup: 2 : Thread Group Auth
2023-02-28 18:52:07,617 INFO o.a.j.e.StandardJMeterEngine: Starting 1 threads for group Thread Group Auth.
2023-02-28 18:52:07,618 INFO o.a.j.e.StandardJMeterEngine: Thread will continue on error
2023-02-28 18:52:07,618 INFO o.a.j.t.ThreadGroup: Starting thread group... number=2 threads=1 ramp-up=1 delayedStart=false
2023-02-28 18:52:07,636 INFO o.a.j.t.ThreadGroup: Started thread group number 2
2023-02-28 18:52:07,638 INFO o.a.j.e.StandardJMeterEngine: Starting ThreadGroup: 3 : Thread Group Client Inspection
2023-02-28 18:52:07,638 INFO o.a.j.e.StandardJMeterEngine: Starting 1 threads for group Thread Group Client Inspection.
2023-02-28 18:52:07,638 INFO o.a.j.e.StandardJMeterEngine: Thread will continue on error
2023-02-28 18:52:07,639 INFO o.a.j.t.ThreadGroup: Starting thread group... number=3 threads=1 ramp-up=1 delayedStart=false
2023-02-28 18:52:07,646 INFO o.a.j.t.ThreadGroup: Started thread group number 3
2023-02-28 18:52:07,647 INFO o.a.j.e.StandardJMeterEngine: All thread groups have been started
2023-02-28 18:52:07,707 INFO o.a.j.t.JMeterThread: Thread started: jmeter-server-1-Thread Group Auth 2-1
2023-02-28 18:52:07,707 INFO o.a.j.t.JMeterThread: Thread started: jmeter-server-1-Thread Group Client Inspection 3-1
2023-02-28 18:52:08,007 INFO o.a.j.p.h.s.HTTPHCAbstractImpl: Local host = 56b2d48d0d84
2023-02-28 18:52:08,073 INFO o.a.j.p.h.s.HTTPHC4Impl: HTTP request retry count = 0
2023-02-28 18:52:08,614 INFO o.a.j.p.h.s.h.LazyLayeredConnectionSocketFactory: Setting up HTTPS TrustAll Socket Factory
2023-02-28 18:52:08,622 INFO o.a.j.u.JsseSSLManager: Using default SSL protocol: TLS
2023-02-28 18:52:08,623 INFO o.a.j.u.JsseSSLManager: SSL session context: per-thread
2023-02-28 18:52:08,728 INFO o.a.j.u.SSLManager: JmeterKeyStore Location:  type JKS
2023-02-28 18:52:08,731 INFO o.a.j.u.SSLManager: KeyStore created OK
2023-02-28 18:52:08,731 WARN o.a.j.u.SSLManager: Keystore file not found, loading empty keystore
2023-02-28 18:52:08,733 INFO o.a.j.u.SSLManager: TrustStore Location: /tmp/server-ca.jks
2023-02-28 18:52:08,733 INFO o.a.j.u.SSLManager: TrustStore created OK, Type: JKS
2023-02-28 18:52:08,736 INFO o.a.j.u.SSLManager: Truststore loaded OK from file
2023-02-28 18:52:09,452 INFO o.a.j.e.J.Get IP: Redis: Connection Details: Host:redis port:6379 ssl_enable: true
2023-02-28 18:52:09,557 INFO o.a.j.e.J.Get IP: Redis: connected! ping --> PONG
2023-02-28 18:52:09,592 INFO o.a.j.e.J.Get IP: Response code: 200
2023-02-28 18:52:09,790 INFO o.a.j.e.J.Get IP: Redis: 2
2023-02-28 18:52:09,793 INFO o.a.j.e.J.Get IP: Redis: Write is successful!
2023-02-28 18:52:09,803 INFO o.a.j.e.J.BasicAuth: Redis: Connection Details: Host:redis port:6379 ssl_enable: true
2023-02-28 18:52:09,804 INFO o.a.j.e.J.Get IP: Redis: disconnected and closed!
2023-02-28 18:52:09,857 INFO o.a.j.e.J.BasicAuth: Redis: connected! ping --> PONG
2023-02-28 18:52:09,858 INFO o.a.j.e.J.BasicAuth: Response code: 401
2023-02-28 18:52:09,859 INFO o.a.j.e.J.BasicAuth: Redis: 3
2023-02-28 18:52:09,860 INFO o.a.j.e.J.BasicAuth: Redis: Write is successful!
2023-02-28 18:52:09,878 INFO o.a.j.e.J.BasicAuth: Redis: disconnected and closed!
2023-02-28 18:52:09,927 INFO o.a.j.t.JMeterThread: Thread is done: jmeter-server-1-Thread Group Client Inspection 3-1
2023-02-28 18:52:09,928 INFO o.a.j.t.JMeterThread: Thread finished: jmeter-server-1-Thread Group Client Inspection 3-1
2023-02-28 18:52:10,002 INFO o.a.j.t.JMeterThread: Thread is done: jmeter-server-1-Thread Group Auth 2-1
2023-02-28 18:52:10,003 INFO o.a.j.t.JMeterThread: Thread finished: jmeter-server-1-Thread Group Auth 2-1
2023-02-28 18:52:12,641 INFO o.a.j.t.JMeterThread: Thread started: jmeter-server-1-Thread Group HTTP Methods 1-1
2023-02-28 18:52:13,292 INFO o.a.j.e.J.Get: Redis: Connection Details: Host:redis port:6379 ssl_enable: true
2023-02-28 18:52:13,313 INFO o.a.j.e.J.Get: Redis: connected! ping --> PONG
2023-02-28 18:52:13,315 INFO o.a.j.e.J.Get: Response code: 200
2023-02-28 18:52:13,339 INFO o.a.j.e.J.Get: Redis: 6
2023-02-28 18:52:13,340 INFO o.a.j.e.J.Get: Redis: Write is successful!
2023-02-28 18:52:13,341 INFO o.a.j.e.J.Get: Redis: disconnected and closed!
2023-02-28 18:52:13,368 INFO o.a.j.t.JMeterThread: Thread is done: jmeter-server-1-Thread Group HTTP Methods 1-1
2023-02-28 18:52:13,372 INFO o.a.j.t.JMeterThread: Thread finished: jmeter-server-1-Thread Group HTTP Methods 1-1
2023-02-28 18:52:13,376 INFO o.a.j.e.StandardJMeterEngine: Starting tearDown thread groups
2023-02-28 18:52:13,376 INFO o.a.j.e.StandardJMeterEngine: Starting tearDown ThreadGroup: 1 : tearDown Thread Group
2023-02-28 18:52:13,377 INFO o.a.j.e.StandardJMeterEngine: Starting 1 threads for group tearDown Thread Group.
2023-02-28 18:52:13,377 INFO o.a.j.e.StandardJMeterEngine: Thread will continue on error
2023-02-28 18:52:13,377 INFO o.a.j.t.ThreadGroup: Starting thread group... number=1 threads=1 ramp-up=1 delayedStart=false
2023-02-28 18:52:13,386 INFO o.a.j.t.ThreadGroup: Started thread group number 1
2023-02-28 18:53:13,378 INFO o.a.j.t.JMeterThread: Thread started: jmeter-server-1-tearDown Thread Group 1-1
2023-02-28 18:53:13,430 INFO o.a.j.p.j.s.J.Set up jedis connection: Redis: Connection Details: Host:redis port:6379 ssl_enable: true
2023-02-28 18:53:13,445 INFO o.a.j.p.j.s.J.Set up jedis connection: Redis: connected! ping --> PONG
2023-02-28 18:53:13,485 INFO o.a.j.m.J.Get Redis Data: Redis: key jmeter:data contains 0 record/s
2023-02-28 18:53:13,487 INFO o.a.j.m.J.Get Redis Data: Redis: Data not found
2023-02-28 18:53:13,488 INFO o.a.j.m.J.Get Redis Data: Redis: disconnected and closed!
2023-02-28 18:53:13,491 INFO o.a.j.t.JMeterThread: Stopping: jmeter-server-1-tearDown Thread Group 1-1
2023-02-28 18:53:13,491 INFO o.a.j.t.JMeterThread: Thread finished: jmeter-server-1-tearDown Thread Group 1-1
2023-02-28 18:53:13,494 INFO o.a.j.e.StandardJMeterEngine: Notifying test listeners of end of test
2023-02-28 18:53:13,515 INFO o.i.m.i.AbstractInfluxMeasure: Connection to Influx @ http://influxdb:8086 closed
2023-02-28 18:53:13,516 INFO o.a.j.s.BatchSampleSender: Test Ended on jmeter-server-1
2023-02-28 18:53:13,550 INFO o.a.j.s.BatchSampleSender: Test Ended on jmeter-server-1
2023-02-28 18:53:13,574 INFO o.a.j.s.BatchSampleSender: Test Ended on jmeter-server-1
2023-02-28 18:53:13,580 INFO o.a.j.e.StandardJMeterEngine: Test has ended on host jmeter-server-1 
