2023-02-28 18:51:50,675 INFO o.a.j.u.JMeterUtils: Setting Locale to en_EN
2023-02-28 18:51:50,699 INFO o.a.j.JMeter: Loading user properties from: /jmeter/apache-jmeter-5.4.3/bin/user.properties
2023-02-28 18:51:50,700 INFO o.a.j.JMeter: Loading system properties from: /jmeter/apache-jmeter-5.4.3/bin/system.properties
2023-02-28 18:51:50,701 INFO o.a.j.JMeter: Setting JMeter property: server.rmi.ssl.disable=true
2023-02-28 18:51:50,703 INFO o.a.j.JMeter: Setting Global properties from the file /jmeter/repo/configs/local-docker-compose-dev.properties
2023-02-28 18:51:50,717 INFO o.a.j.JMeter: Loading additional properties from: /jmeter/repo/configs/local-docker-compose-dev.properties
2023-02-28 18:51:50,721 INFO o.a.j.JMeter: Setting JMeter property: test.runId=R-28.02.2023-19:51:39
2023-02-28 18:51:50,721 INFO o.a.j.JMeter: LogLevel: jmeter.engine=DEBUG
2023-02-28 18:51:50,733 INFO o.a.j.JMeter: Copyright (c) 1998-2021 The Apache Software Foundation
2023-02-28 18:51:50,734 INFO o.a.j.JMeter: Version 5.4.3
2023-02-28 18:51:50,734 INFO o.a.j.JMeter: java.version=11.0.17
2023-02-28 18:51:50,735 INFO o.a.j.JMeter: java.vm.name=OpenJDK 64-Bit Server VM
2023-02-28 18:51:50,735 INFO o.a.j.JMeter: os.name=Linux
2023-02-28 18:51:50,735 INFO o.a.j.JMeter: os.arch=amd64
2023-02-28 18:51:50,735 INFO o.a.j.JMeter: os.version=5.10.16.3-microsoft-standard-WSL2
2023-02-28 18:51:50,736 INFO o.a.j.JMeter: file.encoding=UTF-8
2023-02-28 18:51:50,736 INFO o.a.j.JMeter: java.awt.headless=true
2023-02-28 18:51:50,736 INFO o.a.j.JMeter: Max memory     =1073741824
2023-02-28 18:51:50,737 INFO o.a.j.JMeter: Available Processors =4
2023-02-28 18:51:50,745 INFO o.a.j.JMeter: Default Locale=English (EN)
2023-02-28 18:51:50,746 INFO o.a.j.JMeter: JMeter  Locale=English (EN)
2023-02-28 18:51:50,746 INFO o.a.j.JMeter: JMeterHome=/jmeter/apache-jmeter-5.4.3
2023-02-28 18:51:50,746 INFO o.a.j.JMeter: user.dir  =/jmeter/apache-jmeter-5.4.3
2023-02-28 18:51:50,747 INFO o.a.j.JMeter: PWD       =/jmeter/apache-jmeter-5.4.3
2023-02-28 18:51:50,747 INFO o.a.j.JMeter: IP: 172.28.5.30 Name: 7eb056e528ba FullName: 7eb056e528ba
2023-02-28 18:51:50,758 INFO o.a.j.s.FileServer: Default base='/jmeter/apache-jmeter-5.4.3'
2023-02-28 18:51:50,759 INFO o.a.j.s.FileServer: Set new base='/jmeter/repo/tests'
2023-02-28 18:51:50,969 INFO o.a.j.s.SaveService: Testplan (JMX) version: 2.2. Testlog (JTL) version: 2.2
2023-02-28 18:51:51,006 INFO o.a.j.s.SaveService: Using SaveService properties version 5.0
2023-02-28 18:51:51,013 INFO o.a.j.s.SaveService: Using SaveService properties file encoding UTF-8
2023-02-28 18:51:51,019 INFO o.a.j.s.SaveService: Loading file: /jmeter/repo/tests/sample.jmx
2023-02-28 18:51:51,107 INFO o.a.j.p.h.s.HTTPSamplerBase: Parser for text/html is org.apache.jmeter.protocol.http.parser.LagartoBasedHtmlParser
2023-02-28 18:51:51,108 INFO o.a.j.p.h.s.HTTPSamplerBase: Parser for application/xhtml+xml is org.apache.jmeter.protocol.http.parser.LagartoBasedHtmlParser
2023-02-28 18:51:51,109 INFO o.a.j.p.h.s.HTTPSamplerBase: Parser for application/xml is org.apache.jmeter.protocol.http.parser.LagartoBasedHtmlParser
2023-02-28 18:51:51,109 INFO o.a.j.p.h.s.HTTPSamplerBase: Parser for text/xml is org.apache.jmeter.protocol.http.parser.LagartoBasedHtmlParser
2023-02-28 18:51:51,109 INFO o.a.j.p.h.s.HTTPSamplerBase: Parser for text/vnd.wap.wml is org.apache.jmeter.protocol.http.parser.RegexpHTMLParser
2023-02-28 18:51:51,110 INFO o.a.j.p.h.s.HTTPSamplerBase: Parser for text/css is org.apache.jmeter.protocol.http.parser.CssParser
2023-02-28 18:51:51,155 INFO o.a.j.s.SampleResult: Note: Sample TimeStamps are START times
2023-02-28 18:51:51,156 INFO o.a.j.s.SampleResult: sampleresult.default.encoding is set to ISO-8859-1
2023-02-28 18:51:51,156 INFO o.a.j.s.SampleResult: sampleresult.useNanoTime=true
2023-02-28 18:51:51,157 INFO o.a.j.s.SampleResult: sampleresult.nanoThreadSleep=5000
2023-02-28 18:51:51,177 INFO o.a.j.JMeter: Creating summariser <summary>
2023-02-28 18:51:51,182 INFO o.a.j.e.DistributedRunner: Configuring remote engine: jmeter-server-1
2023-02-28 18:51:51,185 INFO o.a.j.r.RmiUtils: Disabling SSL for RMI as server.rmi.ssl.disable is set to 'true'
2023-02-28 18:51:51,351 INFO o.a.j.e.DistributedRunner: Configuring remote engine: jmeter-server-2
2023-02-28 18:51:51,351 INFO o.a.j.r.RmiUtils: Disabling SSL for RMI as server.rmi.ssl.disable is set to 'true'
2023-02-28 18:51:51,427 INFO o.a.j.e.DistributedRunner: Starting distributed test with remote engines: [jmeter-server-2, jmeter-server-1] @ Tue Feb 28 18:51:51 UTC 2023 (1677610311425)
2023-02-28 18:51:51,428 INFO o.a.j.e.ClientJMeterEngine: running clientengine run method
2023-02-28 18:51:51,438 INFO o.a.j.e.u.CompoundVariable: Note: Function class names must contain the string: '.functions.'
2023-02-28 18:51:51,439 INFO o.a.j.e.u.CompoundVariable: Note: Function class names must not contain the string: '.gui.'
2023-02-28 18:51:52,538 DEBUG o.a.j.e.u.CompoundVariable: Function count: 64
2023-02-28 18:51:52,540 DEBUG o.a.j.e.u.ValueReplacer: About to replace in property of type: class org.apache.jmeter.testelement.property.TestElementProperty: influxdbMetricsSender=org.apache.jmeter.visualizers.backend.influxdb.HttpMetricsSender()&influxdbUrl=http://${__P(influxdb.hostname,127.0.0.1)}:${__P(influxdb.port,8086)}/api/v2/write?org=${__P(influxdb.organization,alps)}&bucket=${__P(influxdb.bucket,jmeter)}()&application=${__P(test.runId,R-18.02-12:30)}()&measurement=jmeter()&summaryOnly=false()&samplersRegex=.*()&percentiles=99;95;90()&testTitle=${__P(test.name,Sample)}()&eventTags=()&influxdbToken=${__P(influxdb.token,)}()&TAG_nodeName=${__machineName()}()
2023-02-28 18:51:52,541 DEBUG o.a.j.e.u.ValueReplacer: About to replace in property of type: class org.apache.jmeter.testelement.property.CollectionProperty: [influxdbMetricsSender=org.apache.jmeter.visualizers.backend.influxdb.HttpMetricsSender, influxdbUrl=http://${__P(influxdb.hostname,127.0.0.1)}:${__P(influxdb.port,8086)}/api/v2/write?org=${__P(influxdb.organization,alps)}&bucket=${__P(influxdb.bucket,jmeter)}, application=${__P(test.runId,R-18.02-12:30)}, measurement=jmeter, summaryOnly=false, samplersRegex=.*, percentiles=99;95;90, testTitle=${__P(test.name,Sample)}, eventTags=, influxdbToken=${__P(influxdb.token,)}, TAG_nodeName=${__machineName()}]
2023-02-28 18:51:52,542 DEBUG o.a.j.e.u.ValueReplacer: About to replace in property of type: class org.apache.jmeter.testelement.property.TestElementProperty: influxdbMetricsSender=org.apache.jmeter.visualizers.backend.influxdb.HttpMetricsSender
2023-02-28 18:51:52,542 DEBUG o.a.j.e.u.ValueReplacer: About to replace in property of type: class org.apache.jmeter.testelement.property.StringProperty: influxdbMetricsSender
2023-02-28 18:51:52,543 DEBUG o.a.j.e.u.ValueReplacer: Replacement result: influxdbMetricsSender
2023-02-28 18:51:52,543 DEBUG o.a.j.e.u.ValueReplacer: About to replace in property of type: class org.apache.jmeter.testelement.property.StringProperty: org.apache.jmeter.visualizers.backend.influxdb.HttpMetricsSender
2023-02-28 18:51:52,544 DEBUG o.a.j.e.u.ValueReplacer: Replacement result: org.apache.jmeter.visualizers.backend.influxdb.HttpMetricsSender
2023-02-28 18:51:52,544 DEBUG o.a.j.e.u.ValueReplacer: About to replace in property of type: class org.apache.jmeter.testelement.property.StringProperty: =
2023-02-28 18:51:52,545 DEBUG o.a.j.e.u.ValueReplacer: Replacement result: =
2023-02-28 18:51:52,545 DEBUG o.a.j.e.u.ValueReplacer: Replacement result: influxdbMetricsSender=org.apache.jmeter.visualizers.backend.influxdb.HttpMetricsSender
2023-02-28 18:51:52,545 DEBUG o.a.j.e.u.ValueReplacer: About to replace in property of type: class org.apache.jmeter.testelement.property.TestElementProperty: influxdbUrl=http://${__P(influxdb.hostname,127.0.0.1)}:${__P(influxdb.port,8086)}/api/v2/write?org=${__P(influxdb.organization,alps)}&bucket=${__P(influxdb.bucket,jmeter)}
2023-02-28 18:51:52,546 DEBUG o.a.j.e.u.ValueReplacer: About to replace in property of type: class org.apache.jmeter.testelement.property.StringProperty: influxdbUrl
2023-02-28 18:51:52,546 DEBUG o.a.j.e.u.ValueReplacer: Replacement result: influxdbUrl
2023-02-28 18:51:52,547 DEBUG o.a.j.e.u.ValueReplacer: About to replace in property of type: class org.apache.jmeter.testelement.property.StringProperty: http://${__P(influxdb.hostname,127.0.0.1)}:${__P(influxdb.port,8086)}/api/v2/write?org=${__P(influxdb.organization,alps)}&bucket=${__P(influxdb.bucket,jmeter)}
2023-02-28 18:51:52,548 DEBUG o.a.j.e.u.ValueReplacer: Replacement result: http://${__P(influxdb.hostname,127.0.0.1)}:${__P(influxdb.port,8086)}/api/v2/write?org=${__P(influxdb.organization,alps)}&bucket=${__P(influxdb.bucket,jmeter)}
2023-02-28 18:51:52,549 DEBUG o.a.j.e.u.ValueReplacer: About to replace in property of type: class org.apache.jmeter.testelement.property.StringProperty: =
2023-02-28 18:51:52,550 DEBUG o.a.j.e.u.ValueReplacer: Replacement result: =
2023-02-28 18:51:52,550 DEBUG o.a.j.e.u.ValueReplacer: Replacement result: influxdbUrl=http://${__P(influxdb.hostname,127.0.0.1)}:${__P(influxdb.port,8086)}/api/v2/write?org=${__P(influxdb.organization,alps)}&bucket=${__P(influxdb.bucket,jmeter)}
2023-02-28 18:51:52,550 DEBUG o.a.j.e.u.ValueReplacer: About to replace in property of type: class org.apache.jmeter.testelement.property.TestElementProperty: application=${__P(test.runId,R-18.02-12:30)}
2023-02-28 18:51:52,551 DEBUG o.a.j.e.u.ValueReplacer: About to replace in property of type: class org.apache.jmeter.testelement.property.StringProperty: application
2023-02-28 18:51:52,551 DEBUG o.a.j.e.u.ValueReplacer: Replacement result: application
2023-02-28 18:51:52,552 DEBUG o.a.j.e.u.ValueReplacer: About to replace in property of type: class org.apache.jmeter.testelement.property.StringProperty: ${__P(test.runId,R-18.02-12:30)}
2023-02-28 18:51:52,552 DEBUG o.a.j.e.u.ValueReplacer: Replacement result: ${__P(test.runId,R-18.02-12:30)}
2023-02-28 18:51:52,553 DEBUG o.a.j.e.u.ValueReplacer: About to replace in property of type: class org.apache.jmeter.testelement.property.StringProperty: =
2023-02-28 18:51:52,553 DEBUG o.a.j.e.u.ValueReplacer: Replacement result: =
2023-02-28 18:51:52,554 DEBUG o.a.j.e.u.ValueReplacer: Replacement result: application=${__P(test.runId,R-18.02-12:30)}
2023-02-28 18:51:52,554 DEBUG o.a.j.e.u.ValueReplacer: About to replace in property of type: class org.apache.jmeter.testelement.property.TestElementProperty: measurement=jmeter
2023-02-28 18:51:52,555 DEBUG o.a.j.e.u.ValueReplacer: About to replace in property of type: class org.apache.jmeter.testelement.property.StringProperty: measurement
2023-02-28 18:51:52,555 DEBUG o.a.j.e.u.ValueReplacer: Replacement result: measurement
2023-02-28 18:51:52,555 DEBUG o.a.j.e.u.ValueReplacer: About to replace in property of type: class org.apache.jmeter.testelement.property.StringProperty: jmeter
2023-02-28 18:51:52,556 DEBUG o.a.j.e.u.ValueReplacer: Replacement result: jmeter
2023-02-28 18:51:52,556 DEBUG o.a.j.e.u.ValueReplacer: About to replace in property of type: class org.apache.jmeter.testelement.property.StringProperty: =
2023-02-28 18:51:52,557 DEBUG o.a.j.e.u.ValueReplacer: Replacement result: =
2023-02-28 18:51:52,557 DEBUG o.a.j.e.u.ValueReplacer: Replacement result: measurement=jmeter
2023-02-28 18:51:52,557 DEBUG o.a.j.e.u.ValueReplacer: About to replace in property of type: class org.apache.jmeter.testelement.property.TestElementProperty: summaryOnly=false
2023-02-28 18:51:52,558 DEBUG o.a.j.e.u.ValueReplacer: About to replace in property of type: class org.apache.jmeter.testelement.property.StringProperty: summaryOnly
2023-02-28 18:51:52,558 DEBUG o.a.j.e.u.ValueReplacer: Replacement result: summaryOnly
2023-02-28 18:51:52,559 DEBUG o.a.j.e.u.ValueReplacer: About to replace in property of type: class org.apache.jmeter.testelement.property.StringProperty: false
2023-02-28 18:51:52,559 DEBUG o.a.j.e.u.ValueReplacer: Replacement result: false
2023-02-28 18:51:52,559 DEBUG o.a.j.e.u.ValueReplacer: About to replace in property of type: class org.apache.jmeter.testelement.property.StringProperty: =
2023-02-28 18:51:52,560 DEBUG o.a.j.e.u.ValueReplacer: Replacement result: =
2023-02-28 18:51:52,560 DEBUG o.a.j.e.u.ValueReplacer: Replacement result: summaryOnly=false
2023-02-28 18:51:52,560 DEBUG o.a.j.e.u.ValueReplacer: About to replace in property of type: class org.apache.jmeter.testelement.property.TestElementProperty: samplersRegex=.*
2023-02-28 18:51:52,561 DEBUG o.a.j.e.u.ValueReplacer: About to replace in property of type: class org.apache.jmeter.testelement.property.StringProperty: samplersRegex
2023-02-28 18:51:52,561 DEBUG o.a.j.e.u.ValueReplacer: Replacement result: samplersRegex
2023-02-28 18:51:52,561 DEBUG o.a.j.e.u.ValueReplacer: About to replace in property of type: class org.apache.jmeter.testelement.property.StringProperty: .*
2023-02-28 18:51:52,562 DEBUG o.a.j.e.u.ValueReplacer: Replacement result: .*
2023-02-28 18:51:52,562 DEBUG o.a.j.e.u.ValueReplacer: About to replace in property of type: class org.apache.jmeter.testelement.property.StringProperty: =
2023-02-28 18:51:52,562 DEBUG o.a.j.e.u.ValueReplacer: Replacement result: =
2023-02-28 18:51:52,563 DEBUG o.a.j.e.u.ValueReplacer: Replacement result: samplersRegex=.*
2023-02-28 18:51:52,563 DEBUG o.a.j.e.u.ValueReplacer: About to replace in property of type: class org.apache.jmeter.testelement.property.TestElementProperty: percentiles=99;95;90
2023-02-28 18:51:52,564 DEBUG o.a.j.e.u.ValueReplacer: About to replace in property of type: class org.apache.jmeter.testelement.property.StringProperty: percentiles
2023-02-28 18:51:52,564 DEBUG o.a.j.e.u.ValueReplacer: Replacement result: percentiles
2023-02-28 18:51:52,564 DEBUG o.a.j.e.u.ValueReplacer: About to replace in property of type: class org.apache.jmeter.testelement.property.StringProperty: 99;95;90
2023-02-28 18:51:52,565 DEBUG o.a.j.e.u.ValueReplacer: Replacement result: 99;95;90
2023-02-28 18:51:52,565 DEBUG o.a.j.e.u.ValueReplacer: About to replace in property of type: class org.apache.jmeter.testelement.property.StringProperty: =
2023-02-28 18:51:52,565 DEBUG o.a.j.e.u.ValueReplacer: Replacement result: =
2023-02-28 18:51:52,566 DEBUG o.a.j.e.u.ValueReplacer: Replacement result: percentiles=99;95;90
2023-02-28 18:51:52,566 DEBUG o.a.j.e.u.ValueReplacer: About to replace in property of type: class org.apache.jmeter.testelement.property.TestElementProperty: testTitle=${__P(test.name,Sample)}
2023-02-28 18:51:52,567 DEBUG o.a.j.e.u.ValueReplacer: About to replace in property of type: class org.apache.jmeter.testelement.property.StringProperty: testTitle
2023-02-28 18:51:52,568 DEBUG o.a.j.e.u.ValueReplacer: Replacement result: testTitle
2023-02-28 18:51:52,568 DEBUG o.a.j.e.u.ValueReplacer: About to replace in property of type: class org.apache.jmeter.testelement.property.StringProperty: ${__P(test.name,Sample)}
2023-02-28 18:51:52,568 DEBUG o.a.j.e.u.ValueReplacer: Replacement result: ${__P(test.name,Sample)}
2023-02-28 18:51:52,569 DEBUG o.a.j.e.u.ValueReplacer: About to replace in property of type: class org.apache.jmeter.testelement.property.StringProperty: =
2023-02-28 18:51:52,569 DEBUG o.a.j.e.u.ValueReplacer: Replacement result: =
2023-02-28 18:51:52,570 DEBUG o.a.j.e.u.ValueReplacer: Replacement result: testTitle=${__P(test.name,Sample)}
2023-02-28 18:51:52,571 DEBUG o.a.j.e.u.ValueReplacer: About to replace in property of type: class org.apache.jmeter.testelement.property.TestElementProperty: eventTags=
2023-02-28 18:51:52,571 DEBUG o.a.j.e.u.ValueReplacer: About to replace in property of type: class org.apache.jmeter.testelement.property.StringProperty: eventTags
2023-02-28 18:51:52,572 DEBUG o.a.j.e.u.ValueReplacer: Replacement result: eventTags
2023-02-28 18:51:52,572 DEBUG o.a.j.e.u.ValueReplacer: About to replace in property of type: class org.apache.jmeter.testelement.property.StringProperty: 
2023-02-28 18:51:52,572 DEBUG o.a.j.e.u.ValueReplacer: Replacement result: 
2023-02-28 18:51:52,573 DEBUG o.a.j.e.u.ValueReplacer: About to replace in property of type: class org.apache.jmeter.testelement.property.StringProperty: =
2023-02-28 18:51:52,573 DEBUG o.a.j.e.u.ValueReplacer: Replacement result: =
2023-02-28 18:51:52,574 DEBUG o.a.j.e.u.ValueReplacer: Replacement result: eventTags=
2023-02-28 18:51:52,574 DEBUG o.a.j.e.u.ValueReplacer: About to replace in property of type: class org.apache.jmeter.testelement.property.TestElementProperty: influxdbToken=${__P(influxdb.token,)}
2023-02-28 18:51:52,575 DEBUG o.a.j.e.u.ValueReplacer: About to replace in property of type: class org.apache.jmeter.testelement.property.StringProperty: influxdbToken
2023-02-28 18:51:52,575 DEBUG o.a.j.e.u.ValueReplacer: Replacement result: influxdbToken
2023-02-28 18:51:52,576 DEBUG o.a.j.e.u.ValueReplacer: About to replace in property of type: class org.apache.jmeter.testelement.property.StringProperty: ${__P(influxdb.token,)}
2023-02-28 18:51:52,577 DEBUG o.a.j.e.u.ValueReplacer: Replacement result: ${__P(influxdb.token,)}
2023-02-28 18:51:52,577 DEBUG o.a.j.e.u.ValueReplacer: About to replace in property of type: class org.apache.jmeter.testelement.property.StringProperty: =
2023-02-28 18:51:52,577 DEBUG o.a.j.e.u.ValueReplacer: Replacement result: =
2023-02-28 18:51:52,578 DEBUG o.a.j.e.u.ValueReplacer: Replacement result: influxdbToken=${__P(influxdb.token,)}
2023-02-28 18:51:52,578 DEBUG o.a.j.e.u.ValueReplacer: About to replace in property of type: class org.apache.jmeter.testelement.property.TestElementProperty: TAG_nodeName=${__machineName()}
2023-02-28 18:51:52,579 DEBUG o.a.j.e.u.ValueReplacer: About to replace in property of type: class org.apache.jmeter.testelement.property.StringProperty: TAG_nodeName
2023-02-28 18:51:52,579 DEBUG o.a.j.e.u.ValueReplacer: Replacement result: TAG_nodeName
2023-02-28 18:51:52,579 DEBUG o.a.j.e.u.ValueReplacer: About to replace in property of type: class org.apache.jmeter.testelement.property.StringProperty: ${__machineName()}
2023-02-28 18:51:52,580 DEBUG o.a.j.e.u.ValueReplacer: Replacement result: ${__machineName()}
2023-02-28 18:51:52,580 DEBUG o.a.j.e.u.ValueReplacer: About to replace in property of type: class org.apache.jmeter.testelement.property.StringProperty: =
2023-02-28 18:51:52,581 DEBUG o.a.j.e.u.ValueReplacer: Replacement result: =
2023-02-28 18:51:52,581 DEBUG o.a.j.e.u.ValueReplacer: Replacement result: TAG_nodeName=${__machineName()}
2023-02-28 18:51:52,581 DEBUG o.a.j.e.u.ValueReplacer: Replacement result: [influxdbMetricsSender=org.apache.jmeter.visualizers.backend.influxdb.HttpMetricsSender, influxdbUrl=http://${__P(influxdb.hostname,127.0.0.1)}:${__P(influxdb.port,8086)}/api/v2/write?org=${__P(influxdb.organization,alps)}&bucket=${__P(influxdb.bucket,jmeter)}, application=${__P(test.runId,R-18.02-12:30)}, measurement=jmeter, summaryOnly=false, samplersRegex=.*, percentiles=99;95;90, testTitle=${__P(test.name,Sample)}, eventTags=, influxdbToken=${__P(influxdb.token,)}, TAG_nodeName=${__machineName()}]
2023-02-28 18:51:52,582 DEBUG o.a.j.e.u.ValueReplacer: About to replace in property of type: class org.apache.jmeter.testelement.property.StringProperty: org.apache.jmeter.config.gui.ArgumentsPanel
2023-02-28 18:51:52,582 DEBUG o.a.j.e.u.ValueReplacer: About to replace in property of type: class org.apache.jmeter.testelement.property.StringProperty: org.apache.jmeter.config.Arguments
2023-02-28 18:51:52,583 DEBUG o.a.j.e.u.ValueReplacer: About to replace in property of type: class org.apache.jmeter.testelement.property.StringProperty: true
2023-02-28 18:51:52,583 DEBUG o.a.j.e.u.ValueReplacer: Replacement result: true
2023-02-28 18:51:52,584 DEBUG o.a.j.e.u.ValueReplacer: Replacement result: influxdbMetricsSender=org.apache.jmeter.visualizers.backend.influxdb.HttpMetricsSender()&influxdbUrl=http://${__P(influxdb.hostname,127.0.0.1)}:${__P(influxdb.port,8086)}/api/v2/write?org=${__P(influxdb.organization,alps)}&bucket=${__P(influxdb.bucket,jmeter)}()&application=${__P(test.runId,R-18.02-12:30)}()&measurement=jmeter()&summaryOnly=false()&samplersRegex=.*()&percentiles=99;95;90()&testTitle=${__P(test.name,Sample)}()&eventTags=()&influxdbToken=${__P(influxdb.token,)}()&TAG_nodeName=${__machineName()}()
2023-02-28 18:51:52,584 DEBUG o.a.j.e.u.ValueReplacer: About to replace in property of type: class org.apache.jmeter.testelement.property.StringProperty: org.apache.jmeter.visualizers.backend.BackendListenerGui
2023-02-28 18:51:52,585 DEBUG o.a.j.e.u.ValueReplacer: About to replace in property of type: class org.apache.jmeter.testelement.property.StringProperty: org.apache.jmeter.visualizers.backend.BackendListener
2023-02-28 18:51:52,585 DEBUG o.a.j.e.u.ValueReplacer: About to replace in property of type: class org.apache.jmeter.testelement.property.StringProperty: InfluxDB Backend Listener
2023-02-28 18:51:52,586 DEBUG o.a.j.e.u.ValueReplacer: Replacement result: InfluxDB Backend Listener
2023-02-28 18:51:52,586 DEBUG o.a.j.e.u.ValueReplacer: About to replace in property of type: class org.apache.jmeter.testelement.property.BooleanProperty: true
2023-02-28 18:51:52,587 DEBUG o.a.j.e.u.ValueReplacer: Won't replace true
2023-02-28 18:51:52,587 DEBUG o.a.j.e.u.ValueReplacer: About to replace in property of type: class org.apache.jmeter.testelement.property.StringProperty: org.apache.jmeter.visualizers.backend.influxdb.InfluxdbBackendListenerClient
2023-02-28 18:51:52,588 DEBUG o.a.j.e.u.ValueReplacer: Replacement result: org.apache.jmeter.visualizers.backend.influxdb.InfluxdbBackendListenerClient
2023-02-28 18:51:52,588 DEBUG o.a.j.e.u.ValueReplacer: About to replace in property of type: class org.apache.jmeter.testelement.property.StringProperty: 60000
2023-02-28 18:51:52,589 DEBUG o.a.j.e.u.ValueReplacer: Replacement result: 60000
2023-02-28 18:51:52,589 DEBUG o.a.j.e.u.ValueReplacer: About to replace in property of type: class org.apache.jmeter.testelement.property.TestElementProperty: testName=${__P(test.name,Sample)}()&nodeName=${__machineName()}()&runId=${__P(test.runId,R-18.02-12:30)}()&influxDBHttpScheme=http()&influxDBHost=${__P(influxdb.hostname,127.0.0.1)}()&influxDBPort=${__P(influxdb.port,8086)}()&influxDBToken=${__P(influxdb.token,)}()&influxDBOrganization=${__P(influxdb.organization,alps)}()&influxDBBucket=${__P(influxdb.bucket,jmeter)}()&samplersList=.*()&useRegexForSamplerList=true()&recordSubSamples=true()&saveResponseBodyOfFailures=false()
2023-02-28 18:51:52,590 DEBUG o.a.j.e.u.ValueReplacer: About to replace in property of type: class org.apache.jmeter.testelement.property.CollectionProperty: [testName=${__P(test.name,Sample)}, nodeName=${__machineName()}, runId=${__P(test.runId,R-18.02-12:30)}, influxDBHttpScheme=http, influxDBHost=${__P(influxdb.hostname,127.0.0.1)}, influxDBPort=${__P(influxdb.port,8086)}, influxDBToken=${__P(influxdb.token,)}, influxDBOrganization=${__P(influxdb.organization,alps)}, influxDBBucket=${__P(influxdb.bucket,jmeter)}, samplersList=.*, useRegexForSamplerList=true, recordSubSamples=true, saveResponseBodyOfFailures=false]
2023-02-28 18:51:52,590 DEBUG o.a.j.e.u.ValueReplacer: About to replace in property of type: class org.apache.jmeter.testelement.property.TestElementProperty: testName=${__P(test.name,Sample)}
2023-02-28 18:51:52,590 DEBUG o.a.j.e.u.ValueReplacer: About to replace in property of type: class org.apache.jmeter.testelement.property.StringProperty: testName
2023-02-28 18:51:52,591 DEBUG o.a.j.e.u.ValueReplacer: Replacement result: testName
2023-02-28 18:51:52,591 DEBUG o.a.j.e.u.ValueReplacer: About to replace in property of type: class org.apache.jmeter.testelement.property.StringProperty: ${__P(test.name,Sample)}
2023-02-28 18:51:52,592 DEBUG o.a.j.e.u.ValueReplacer: Replacement result: ${__P(test.name,Sample)}
2023-02-28 18:51:52,592 DEBUG o.a.j.e.u.ValueReplacer: About to replace in property of type: class org.apache.jmeter.testelement.property.StringProperty: =
2023-02-28 18:51:52,593 DEBUG o.a.j.e.u.ValueReplacer: Replacement result: =
2023-02-28 18:51:52,593 DEBUG o.a.j.e.u.ValueReplacer: Replacement result: testName=${__P(test.name,Sample)}
2023-02-28 18:51:52,594 DEBUG o.a.j.e.u.ValueReplacer: About to replace in property of type: class org.apache.jmeter.testelement.property.TestElementProperty: nodeName=${__machineName()}
2023-02-28 18:51:52,594 DEBUG o.a.j.e.u.ValueReplacer: About to replace in property of type: class org.apache.jmeter.testelement.property.StringProperty: nodeName
2023-02-28 18:51:52,594 DEBUG o.a.j.e.u.ValueReplacer: Replacement result: nodeName
2023-02-28 18:51:52,595 DEBUG o.a.j.e.u.ValueReplacer: About to replace in property of type: class org.apache.jmeter.testelement.property.StringProperty: ${__machineName()}
2023-02-28 18:51:52,595 DEBUG o.a.j.e.u.ValueReplacer: Replacement result: ${__machineName()}
2023-02-28 18:51:52,596 DEBUG o.a.j.e.u.ValueReplacer: About to replace in property of type: class org.apache.jmeter.testelement.property.StringProperty: =
2023-02-28 18:51:52,596 DEBUG o.a.j.e.u.ValueReplacer: Replacement result: =
2023-02-28 18:51:52,596 DEBUG o.a.j.e.u.ValueReplacer: Replacement result: nodeName=${__machineName()}
2023-02-28 18:51:52,597 DEBUG o.a.j.e.u.ValueReplacer: About to replace in property of type: class org.apache.jmeter.testelement.property.TestElementProperty: runId=${__P(test.runId,R-18.02-12:30)}
2023-02-28 18:51:52,597 DEBUG o.a.j.e.u.ValueReplacer: About to replace in property of type: class org.apache.jmeter.testelement.property.StringProperty: runId
2023-02-28 18:51:52,598 DEBUG o.a.j.e.u.ValueReplacer: Replacement result: runId
2023-02-28 18:51:52,598 DEBUG o.a.j.e.u.ValueReplacer: About to replace in property of type: class org.apache.jmeter.testelement.property.StringProperty: ${__P(test.runId,R-18.02-12:30)}
2023-02-28 18:51:52,599 DEBUG o.a.j.e.u.ValueReplacer: Replacement result: ${__P(test.runId,R-18.02-12:30)}
2023-02-28 18:51:52,599 DEBUG o.a.j.e.u.ValueReplacer: About to replace in property of type: class org.apache.jmeter.testelement.property.StringProperty: =
2023-02-28 18:51:52,599 DEBUG o.a.j.e.u.ValueReplacer: Replacement result: =
2023-02-28 18:51:52,600 DEBUG o.a.j.e.u.ValueReplacer: Replacement result: runId=${__P(test.runId,R-18.02-12:30)}
2023-02-28 18:51:52,600 DEBUG o.a.j.e.u.ValueReplacer: About to replace in property of type: class org.apache.jmeter.testelement.property.TestElementProperty: influxDBHttpScheme=http
2023-02-28 18:51:52,600 DEBUG o.a.j.e.u.ValueReplacer: About to replace in property of type: class org.apache.jmeter.testelement.property.StringProperty: influxDBHttpScheme
2023-02-28 18:51:52,601 DEBUG o.a.j.e.u.ValueReplacer: Replacement result: influxDBHttpScheme
2023-02-28 18:51:52,601 DEBUG o.a.j.e.u.ValueReplacer: About to replace in property of type: class org.apache.jmeter.testelement.property.StringProperty: http
2023-02-28 18:51:52,602 DEBUG o.a.j.e.u.ValueReplacer: Replacement result: http
2023-02-28 18:51:52,602 DEBUG o.a.j.e.u.ValueReplacer: About to replace in property of type: class org.apache.jmeter.testelement.property.StringProperty: =
2023-02-28 18:51:52,603 DEBUG o.a.j.e.u.ValueReplacer: Replacement result: =
2023-02-28 18:51:52,603 DEBUG o.a.j.e.u.ValueReplacer: Replacement result: influxDBHttpScheme=http
2023-02-28 18:51:52,603 DEBUG o.a.j.e.u.ValueReplacer: About to replace in property of type: class org.apache.jmeter.testelement.property.TestElementProperty: influxDBHost=${__P(influxdb.hostname,127.0.0.1)}
2023-02-28 18:51:52,604 DEBUG o.a.j.e.u.ValueReplacer: About to replace in property of type: class org.apache.jmeter.testelement.property.StringProperty: influxDBHost
2023-02-28 18:51:52,604 DEBUG o.a.j.e.u.ValueReplacer: Replacement result: influxDBHost
2023-02-28 18:51:52,605 DEBUG o.a.j.e.u.ValueReplacer: About to replace in property of type: class org.apache.jmeter.testelement.property.StringProperty: ${__P(influxdb.hostname,127.0.0.1)}
2023-02-28 18:51:52,605 DEBUG o.a.j.e.u.ValueReplacer: Replacement result: ${__P(influxdb.hostname,127.0.0.1)}
2023-02-28 18:51:52,605 DEBUG o.a.j.e.u.ValueReplacer: About to replace in property of type: class org.apache.jmeter.testelement.property.StringProperty: =
2023-02-28 18:51:52,606 DEBUG o.a.j.e.u.ValueReplacer: Replacement result: =
2023-02-28 18:51:52,606 DEBUG o.a.j.e.u.ValueReplacer: Replacement result: influxDBHost=${__P(influxdb.hostname,127.0.0.1)}
2023-02-28 18:51:52,606 DEBUG o.a.j.e.u.ValueReplacer: About to replace in property of type: class org.apache.jmeter.testelement.property.TestElementProperty: influxDBPort=${__P(influxdb.port,8086)}
2023-02-28 18:51:52,607 DEBUG o.a.j.e.u.ValueReplacer: About to replace in property of type: class org.apache.jmeter.testelement.property.StringProperty: influxDBPort
2023-02-28 18:51:52,607 DEBUG o.a.j.e.u.ValueReplacer: Replacement result: influxDBPort
2023-02-28 18:51:52,608 DEBUG o.a.j.e.u.ValueReplacer: About to replace in property of type: class org.apache.jmeter.testelement.property.StringProperty: ${__P(influxdb.port,8086)}
2023-02-28 18:51:52,608 DEBUG o.a.j.e.u.ValueReplacer: Replacement result: ${__P(influxdb.port,8086)}
2023-02-28 18:51:52,608 DEBUG o.a.j.e.u.ValueReplacer: About to replace in property of type: class org.apache.jmeter.testelement.property.StringProperty: =
2023-02-28 18:51:52,609 DEBUG o.a.j.e.u.ValueReplacer: Replacement result: =
2023-02-28 18:51:52,609 DEBUG o.a.j.e.u.ValueReplacer: Replacement result: influxDBPort=${__P(influxdb.port,8086)}
2023-02-28 18:51:52,610 DEBUG o.a.j.e.u.ValueReplacer: About to replace in property of type: class org.apache.jmeter.testelement.property.TestElementProperty: influxDBToken=${__P(influxdb.token,)}
2023-02-28 18:51:52,610 DEBUG o.a.j.e.u.ValueReplacer: About to replace in property of type: class org.apache.jmeter.testelement.property.StringProperty: influxDBToken
2023-02-28 18:51:52,610 DEBUG o.a.j.e.u.ValueReplacer: Replacement result: influxDBToken
2023-02-28 18:51:52,611 DEBUG o.a.j.e.u.ValueReplacer: About to replace in property of type: class org.apache.jmeter.testelement.property.StringProperty: ${__P(influxdb.token,)}
2023-02-28 18:51:52,611 DEBUG o.a.j.e.u.ValueReplacer: Replacement result: ${__P(influxdb.token,)}
2023-02-28 18:51:52,611 DEBUG o.a.j.e.u.ValueReplacer: About to replace in property of type: class org.apache.jmeter.testelement.property.StringProperty: =
2023-02-28 18:51:52,612 DEBUG o.a.j.e.u.ValueReplacer: Replacement result: =
2023-02-28 18:51:52,612 DEBUG o.a.j.e.u.ValueReplacer: Replacement result: influxDBToken=${__P(influxdb.token,)}
2023-02-28 18:51:52,612 DEBUG o.a.j.e.u.ValueReplacer: About to replace in property of type: class org.apache.jmeter.testelement.property.TestElementProperty: influxDBOrganization=${__P(influxdb.organization,alps)}
2023-02-28 18:51:52,613 DEBUG o.a.j.e.u.ValueReplacer: About to replace in property of type: class org.apache.jmeter.testelement.property.StringProperty: influxDBOrganization
2023-02-28 18:51:52,613 DEBUG o.a.j.e.u.ValueReplacer: Replacement result: influxDBOrganization
2023-02-28 18:51:52,613 DEBUG o.a.j.e.u.ValueReplacer: About to replace in property of type: class org.apache.jmeter.testelement.property.StringProperty: ${__P(influxdb.organization,alps)}
2023-02-28 18:51:52,614 DEBUG o.a.j.e.u.ValueReplacer: Replacement result: ${__P(influxdb.organization,alps)}
2023-02-28 18:51:52,614 DEBUG o.a.j.e.u.ValueReplacer: About to replace in property of type: class org.apache.jmeter.testelement.property.StringProperty: =
2023-02-28 18:51:52,615 DEBUG o.a.j.e.u.ValueReplacer: Replacement result: =
2023-02-28 18:51:52,615 DEBUG o.a.j.e.u.ValueReplacer: Replacement result: influxDBOrganization=${__P(influxdb.organization,alps)}
2023-02-28 18:51:52,616 DEBUG o.a.j.e.u.ValueReplacer: About to replace in property of type: class org.apache.jmeter.testelement.property.TestElementProperty: influxDBBucket=${__P(influxdb.bucket,jmeter)}
2023-02-28 18:51:52,616 DEBUG o.a.j.e.u.ValueReplacer: About to replace in property of type: class org.apache.jmeter.testelement.property.StringProperty: influxDBBucket
2023-02-28 18:51:52,617 DEBUG o.a.j.e.u.ValueReplacer: Replacement result: influxDBBucket
2023-02-28 18:51:52,617 DEBUG o.a.j.e.u.ValueReplacer: About to replace in property of type: class org.apache.jmeter.testelement.property.StringProperty: ${__P(influxdb.bucket,jmeter)}
2023-02-28 18:51:52,618 DEBUG o.a.j.e.u.ValueReplacer: Replacement result: ${__P(influxdb.bucket,jmeter)}
2023-02-28 18:51:52,618 DEBUG o.a.j.e.u.ValueReplacer: About to replace in property of type: class org.apache.jmeter.testelement.property.StringProperty: =
2023-02-28 18:51:52,619 DEBUG o.a.j.e.u.ValueReplacer: Replacement result: =
2023-02-28 18:51:52,619 DEBUG o.a.j.e.u.ValueReplacer: Replacement result: influxDBBucket=${__P(influxdb.bucket,jmeter)}
2023-02-28 18:51:52,620 DEBUG o.a.j.e.u.ValueReplacer: About to replace in property of type: class org.apache.jmeter.testelement.property.TestElementProperty: samplersList=.*
2023-02-28 18:51:52,621 DEBUG o.a.j.e.u.ValueReplacer: About to replace in property of type: class org.apache.jmeter.testelement.property.StringProperty: samplersList
2023-02-28 18:51:52,621 DEBUG o.a.j.e.u.ValueReplacer: Replacement result: samplersList
2023-02-28 18:51:52,622 DEBUG o.a.j.e.u.ValueReplacer: About to replace in property of type: class org.apache.jmeter.testelement.property.StringProperty: .*
2023-02-28 18:51:52,622 DEBUG o.a.j.e.u.ValueReplacer: Replacement result: .*
2023-02-28 18:51:52,622 DEBUG o.a.j.e.u.ValueReplacer: About to replace in property of type: class org.apache.jmeter.testelement.property.StringProperty: =
2023-02-28 18:51:52,623 DEBUG o.a.j.e.u.ValueReplacer: Replacement result: =
2023-02-28 18:51:52,623 DEBUG o.a.j.e.u.ValueReplacer: Replacement result: samplersList=.*
2023-02-28 18:51:52,623 DEBUG o.a.j.e.u.ValueReplacer: About to replace in property of type: class org.apache.jmeter.testelement.property.TestElementProperty: useRegexForSamplerList=true
2023-02-28 18:51:52,624 DEBUG o.a.j.e.u.ValueReplacer: About to replace in property of type: class org.apache.jmeter.testelement.property.StringProperty: useRegexForSamplerList
2023-02-28 18:51:52,624 DEBUG o.a.j.e.u.ValueReplacer: Replacement result: useRegexForSamplerList
2023-02-28 18:51:52,625 DEBUG o.a.j.e.u.ValueReplacer: About to replace in property of type: class org.apache.jmeter.testelement.property.StringProperty: true
2023-02-28 18:51:52,625 DEBUG o.a.j.e.u.ValueReplacer: Replacement result: true
2023-02-28 18:51:52,625 DEBUG o.a.j.e.u.ValueReplacer: About to replace in property of type: class org.apache.jmeter.testelement.property.StringProperty: =
2023-02-28 18:51:52,626 DEBUG o.a.j.e.u.ValueReplacer: Replacement result: =
2023-02-28 18:51:52,626 DEBUG o.a.j.e.u.ValueReplacer: Replacement result: useRegexForSamplerList=true
2023-02-28 18:51:52,626 DEBUG o.a.j.e.u.ValueReplacer: About to replace in property of type: class org.apache.jmeter.testelement.property.TestElementProperty: recordSubSamples=true
2023-02-28 18:51:52,627 DEBUG o.a.j.e.u.ValueReplacer: About to replace in property of type: class org.apache.jmeter.testelement.property.StringProperty: recordSubSamples
2023-02-28 18:51:52,627 DEBUG o.a.j.e.u.ValueReplacer: Replacement result: recordSubSamples
2023-02-28 18:51:52,629 DEBUG o.a.j.e.u.ValueReplacer: About to replace in property of type: class org.apache.jmeter.testelement.property.StringProperty: true
2023-02-28 18:51:52,629 DEBUG o.a.j.e.u.ValueReplacer: Replacement result: true
2023-02-28 18:51:52,630 DEBUG o.a.j.e.u.ValueReplacer: About to replace in property of type: class org.apache.jmeter.testelement.property.StringProperty: =
2023-02-28 18:51:52,630 DEBUG o.a.j.e.u.ValueReplacer: Replacement result: =
2023-02-28 18:51:52,630 DEBUG o.a.j.e.u.ValueReplacer: Replacement result: recordSubSamples=true
2023-02-28 18:51:52,631 DEBUG o.a.j.e.u.ValueReplacer: About to replace in property of type: class org.apache.jmeter.testelement.property.TestElementProperty: saveResponseBodyOfFailures=false
2023-02-28 18:51:52,632 DEBUG o.a.j.e.u.ValueReplacer: About to replace in property of type: class org.apache.jmeter.testelement.property.StringProperty: saveResponseBodyOfFailures
2023-02-28 18:51:52,632 DEBUG o.a.j.e.u.ValueReplacer: Replacement result: saveResponseBodyOfFailures
2023-02-28 18:51:52,632 DEBUG o.a.j.e.u.ValueReplacer: About to replace in property of type: class org.apache.jmeter.testelement.property.StringProperty: false
2023-02-28 18:51:52,633 DEBUG o.a.j.e.u.ValueReplacer: Replacement result: false
2023-02-28 18:51:52,634 DEBUG o.a.j.e.u.ValueReplacer: About to replace in property of type: class org.apache.jmeter.testelement.property.StringProperty: =
2023-02-28 18:51:52,635 DEBUG o.a.j.e.u.ValueReplacer: Replacement result: =
2023-02-28 18:51:52,635 DEBUG o.a.j.e.u.ValueReplacer: Replacement result: saveResponseBodyOfFailures=false
2023-02-28 18:51:52,635 DEBUG o.a.j.e.u.ValueReplacer: Replacement result: [testName=${__P(test.name,Sample)}, nodeName=${__machineName()}, runId=${__P(test.runId,R-18.02-12:30)}, influxDBHttpScheme=http, influxDBHost=${__P(influxdb.hostname,127.0.0.1)}, influxDBPort=${__P(influxdb.port,8086)}, influxDBToken=${__P(influxdb.token,)}, influxDBOrganization=${__P(influxdb.organization,alps)}, influxDBBucket=${__P(influxdb.bucket,jmeter)}, samplersList=.*, useRegexForSamplerList=true, recordSubSamples=true, saveResponseBodyOfFailures=false]
2023-02-28 18:51:52,636 DEBUG o.a.j.e.u.ValueReplacer: About to replace in property of type: class org.apache.jmeter.testelement.property.StringProperty: org.apache.jmeter.config.gui.ArgumentsPanel
2023-02-28 18:51:52,636 DEBUG o.a.j.e.u.ValueReplacer: About to replace in property of type: class org.apache.jmeter.testelement.property.StringProperty: org.apache.jmeter.config.Arguments
2023-02-28 18:51:52,636 DEBUG o.a.j.e.u.ValueReplacer: About to replace in property of type: class org.apache.jmeter.testelement.property.StringProperty: true
2023-02-28 18:51:52,637 DEBUG o.a.j.e.u.ValueReplacer: Replacement result: true
2023-02-28 18:51:52,637 DEBUG o.a.j.e.u.ValueReplacer: Replacement result: testName=${__P(test.name,Sample)}()&nodeName=${__machineName()}()&runId=${__P(test.runId,R-18.02-12:30)}()&influxDBHttpScheme=http()&influxDBHost=${__P(influxdb.hostname,127.0.0.1)}()&influxDBPort=${__P(influxdb.port,8086)}()&influxDBToken=${__P(influxdb.token,)}()&influxDBOrganization=${__P(influxdb.organization,alps)}()&influxDBBucket=${__P(influxdb.bucket,jmeter)}()&samplersList=.*()&useRegexForSamplerList=true()&recordSubSamples=true()&saveResponseBodyOfFailures=false()
2023-02-28 18:51:52,637 DEBUG o.a.j.e.u.ValueReplacer: About to replace in property of type: class org.apache.jmeter.testelement.property.StringProperty: org.apache.jmeter.visualizers.backend.BackendListenerGui
2023-02-28 18:51:52,638 DEBUG o.a.j.e.u.ValueReplacer: About to replace in property of type: class org.apache.jmeter.testelement.property.StringProperty: org.apache.jmeter.visualizers.backend.BackendListener
2023-02-28 18:51:52,638 DEBUG o.a.j.e.u.ValueReplacer: About to replace in property of type: class org.apache.jmeter.testelement.property.StringProperty: InfluxDB 2.0 Backend Listener
2023-02-28 18:51:52,638 DEBUG o.a.j.e.u.ValueReplacer: Replacement result: InfluxDB 2.0 Backend Listener
2023-02-28 18:51:52,638 DEBUG o.a.j.e.u.ValueReplacer: About to replace in property of type: class org.apache.jmeter.testelement.property.BooleanProperty: true
2023-02-28 18:51:52,639 DEBUG o.a.j.e.u.ValueReplacer: Won't replace true
2023-02-28 18:51:52,639 DEBUG o.a.j.e.u.ValueReplacer: About to replace in property of type: class org.apache.jmeter.testelement.property.StringProperty: org.md.jmeter.influxdb2.visualizer.InfluxDatabaseBackendListenerClient
2023-02-28 18:51:52,639 DEBUG o.a.j.e.u.ValueReplacer: Replacement result: org.md.jmeter.influxdb2.visualizer.InfluxDatabaseBackendListenerClient
2023-02-28 18:51:52,640 DEBUG o.a.j.e.u.ValueReplacer: About to replace in property of type: class org.apache.jmeter.testelement.property.StringProperty: 60000
2023-02-28 18:51:52,640 DEBUG o.a.j.e.u.ValueReplacer: Replacement result: 60000
2023-02-28 18:51:52,640 DEBUG o.a.j.e.u.ValueReplacer: About to replace in property of type: class org.apache.jmeter.testelement.property.BooleanProperty: false
2023-02-28 18:51:52,640 DEBUG o.a.j.e.u.ValueReplacer: Won't replace false
2023-02-28 18:51:52,641 DEBUG o.a.j.e.u.ValueReplacer: About to replace in property of type: class org.apache.jmeter.testelement.property.ObjectProperty: org.apache.jmeter.samplers.SampleSaveConfiguration@6787570f
2023-02-28 18:51:52,641 DEBUG o.a.j.e.u.ValueReplacer: Won't replace org.apache.jmeter.samplers.SampleSaveConfiguration@6787570f
2023-02-28 18:51:52,642 DEBUG o.a.j.e.u.ValueReplacer: About to replace in property of type: class org.apache.jmeter.testelement.property.StringProperty: /jmeter/repo/results/sample-docker-compose-28022023-195139.csv
2023-02-28 18:51:52,642 DEBUG o.a.j.e.u.ValueReplacer: Replacement result: /jmeter/repo/results/sample-docker-compose-28022023-195139.csv
2023-02-28 18:51:52,645 DEBUG o.a.j.e.ConvertListeners: num threads = 1
2023-02-28 18:51:52,645 DEBUG o.a.j.e.ConvertListeners: num threads = 0
2023-02-28 18:51:52,645 DEBUG o.a.j.e.ConvertListeners: num threads = 1
2023-02-28 18:51:52,646 DEBUG o.a.j.e.ConvertListeners: num threads = 1
2023-02-28 18:51:52,646 DEBUG o.a.j.e.ConvertListeners: num threads = 1
2023-02-28 18:51:52,647 INFO o.a.j.r.RmiUtils: Disabling SSL for RMI as server.rmi.ssl.disable is set to 'true'
2023-02-28 18:51:52,648 INFO o.a.j.r.RmiUtils: Disabling SSL for RMI as server.rmi.ssl.disable is set to 'true'
2023-02-28 18:51:52,651 INFO o.a.j.s.SampleEvent: List of sample_variables: []
2023-02-28 18:51:52,658 INFO o.a.j.s.BatchSampleSender: Using batching (client settings) for this run. Thresholds: num=100, time=60000
2023-02-28 18:51:52,659 INFO o.a.j.r.RmiUtils: Disabling SSL for RMI as server.rmi.ssl.disable is set to 'true'
2023-02-28 18:51:52,659 INFO o.a.j.r.RmiUtils: Disabling SSL for RMI as server.rmi.ssl.disable is set to 'true'
2023-02-28 18:51:52,660 INFO o.a.j.s.BatchSampleSender: Using batching (client settings) for this run. Thresholds: num=100, time=60000
2023-02-28 18:51:52,660 INFO o.a.j.r.RmiUtils: Disabling SSL for RMI as server.rmi.ssl.disable is set to 'true'
2023-02-28 18:51:52,661 INFO o.a.j.r.RmiUtils: Disabling SSL for RMI as server.rmi.ssl.disable is set to 'true'
2023-02-28 18:51:52,661 INFO o.a.j.s.BatchSampleSender: Using batching (client settings) for this run. Thresholds: num=100, time=60000
2023-02-28 18:51:52,663 INFO o.a.j.r.RmiUtils: Disabling SSL for RMI as server.rmi.ssl.disable is set to 'true'
2023-02-28 18:51:52,664 INFO o.a.j.r.RmiUtils: Disabling SSL for RMI as server.rmi.ssl.disable is set to 'true'
2023-02-28 18:51:59,501 INFO o.a.j.r.RmiUtils: Disabling SSL for RMI as server.rmi.ssl.disable is set to 'true'
2023-02-28 18:51:59,501 INFO o.a.j.r.RmiUtils: Disabling SSL for RMI as server.rmi.ssl.disable is set to 'true'
2023-02-28 18:51:59,728 INFO o.a.j.e.ClientJMeterEngine: sent test to jmeter-server-2 basedir='.'
2023-02-28 18:51:59,729 INFO o.a.j.e.ClientJMeterEngine: Sending properties {redis.ssl.enable=true, redis.port=6379, influxdb.bucket=jmeter, influxdb.hostname=influxdb, influxdb.port=8086, api.host=httpbin.org, influxdb.token=ScHCbdo6A2goQ9afT3iGnh4VoZUvViEwmH8dpcGWm45B2mfAN2n1EM33oG5otv2cCTvkiO92-CFpC9wHpQXNVQ==, mode=org.ifisolution.plugins.samplers.InfluxSampleSender, test.name=sample, redis.password=redis@alpana, master_send_result=true, test.runId=, reports.dir=/jmeter/repo/results, api.user.name=alpana, save_error_response=true, save_measure_sub_result=, number.of.threads=1, loop.count=1, api.user.password=httpbin, influxdb.organization=alps, redis.ssl.truststore.password=redis-cert@alpana, ramp.up.seconds=1, redis.host=redis, redis.ssl.truststore.file=/tmp/server-ca.jks, redis.ssl.truststore.type=JKS, api.protocol=https, startup.delay.seconds=5, duration.seconds=300}
2023-02-28 18:51:59,742 INFO o.a.j.e.ClientJMeterEngine: sent run command to jmeter-server-2
2023-02-28 18:51:59,743 INFO o.a.j.e.ClientJMeterEngine: running clientengine run method
2023-02-28 18:51:59,744 DEBUG o.a.j.e.u.ValueReplacer: About to replace in property of type: class org.apache.jmeter.testelement.property.TestElementProperty: influxdbMetricsSender=org.apache.jmeter.visualizers.backend.influxdb.HttpMetricsSender()&influxdbUrl=http://${__P(influxdb.hostname,127.0.0.1)}:${__P(influxdb.port,8086)}/api/v2/write?org=${__P(influxdb.organization,alps)}&bucket=${__P(influxdb.bucket,jmeter)}()&application=${__P(test.runId,R-18.02-12:30)}()&measurement=jmeter()&summaryOnly=false()&samplersRegex=.*()&percentiles=99;95;90()&testTitle=${__P(test.name,Sample)}()&eventTags=()&influxdbToken=${__P(influxdb.token,)}()&TAG_nodeName=${__machineName()}()
2023-02-28 18:51:59,744 DEBUG o.a.j.e.u.ValueReplacer: About to replace in property of type: class org.apache.jmeter.testelement.property.CollectionProperty: [influxdbMetricsSender=org.apache.jmeter.visualizers.backend.influxdb.HttpMetricsSender, influxdbUrl=http://${__P(influxdb.hostname,127.0.0.1)}:${__P(influxdb.port,8086)}/api/v2/write?org=${__P(influxdb.organization,alps)}&bucket=${__P(influxdb.bucket,jmeter)}, application=${__P(test.runId,R-18.02-12:30)}, measurement=jmeter, summaryOnly=false, samplersRegex=.*, percentiles=99;95;90, testTitle=${__P(test.name,Sample)}, eventTags=, influxdbToken=${__P(influxdb.token,)}, TAG_nodeName=${__machineName()}]
2023-02-28 18:51:59,745 DEBUG o.a.j.e.u.ValueReplacer: About to replace in property of type: class org.apache.jmeter.testelement.property.TestElementProperty: influxdbMetricsSender=org.apache.jmeter.visualizers.backend.influxdb.HttpMetricsSender
2023-02-28 18:51:59,745 DEBUG o.a.j.e.u.ValueReplacer: About to replace in property of type: class org.apache.jmeter.testelement.property.StringProperty: influxdbMetricsSender
2023-02-28 18:51:59,745 DEBUG o.a.j.e.u.ValueReplacer: Replacement result: influxdbMetricsSender
2023-02-28 18:51:59,746 DEBUG o.a.j.e.u.ValueReplacer: About to replace in property of type: class org.apache.jmeter.testelement.property.StringProperty: org.apache.jmeter.visualizers.backend.influxdb.HttpMetricsSender
2023-02-28 18:51:59,746 DEBUG o.a.j.e.u.ValueReplacer: Replacement result: org.apache.jmeter.visualizers.backend.influxdb.HttpMetricsSender
2023-02-28 18:51:59,746 DEBUG o.a.j.e.u.ValueReplacer: About to replace in property of type: class org.apache.jmeter.testelement.property.StringProperty: =
2023-02-28 18:51:59,747 DEBUG o.a.j.e.u.ValueReplacer: Replacement result: =
2023-02-28 18:51:59,747 DEBUG o.a.j.e.u.ValueReplacer: Replacement result: influxdbMetricsSender=org.apache.jmeter.visualizers.backend.influxdb.HttpMetricsSender
2023-02-28 18:51:59,748 DEBUG o.a.j.e.u.ValueReplacer: About to replace in property of type: class org.apache.jmeter.testelement.property.TestElementProperty: influxdbUrl=http://${__P(influxdb.hostname,127.0.0.1)}:${__P(influxdb.port,8086)}/api/v2/write?org=${__P(influxdb.organization,alps)}&bucket=${__P(influxdb.bucket,jmeter)}
2023-02-28 18:51:59,748 DEBUG o.a.j.e.u.ValueReplacer: About to replace in property of type: class org.apache.jmeter.testelement.property.StringProperty: influxdbUrl
2023-02-28 18:51:59,748 DEBUG o.a.j.e.u.ValueReplacer: Replacement result: influxdbUrl
2023-02-28 18:51:59,748 DEBUG o.a.j.e.u.ValueReplacer: About to replace in property of type: class org.apache.jmeter.testelement.property.StringProperty: http://${__P(influxdb.hostname,127.0.0.1)}:${__P(influxdb.port,8086)}/api/v2/write?org=${__P(influxdb.organization,alps)}&bucket=${__P(influxdb.bucket,jmeter)}
2023-02-28 18:51:59,749 DEBUG o.a.j.e.u.ValueReplacer: Replacement result: http://${__P(influxdb.hostname,127.0.0.1)}:${__P(influxdb.port,8086)}/api/v2/write?org=${__P(influxdb.organization,alps)}&bucket=${__P(influxdb.bucket,jmeter)}
2023-02-28 18:51:59,750 DEBUG o.a.j.e.u.ValueReplacer: About to replace in property of type: class org.apache.jmeter.testelement.property.StringProperty: =
2023-02-28 18:51:59,750 DEBUG o.a.j.e.u.ValueReplacer: Replacement result: =
2023-02-28 18:51:59,750 DEBUG o.a.j.e.u.ValueReplacer: Replacement result: influxdbUrl=http://${__P(influxdb.hostname,127.0.0.1)}:${__P(influxdb.port,8086)}/api/v2/write?org=${__P(influxdb.organization,alps)}&bucket=${__P(influxdb.bucket,jmeter)}
2023-02-28 18:51:59,750 DEBUG o.a.j.e.u.ValueReplacer: About to replace in property of type: class org.apache.jmeter.testelement.property.TestElementProperty: application=${__P(test.runId,R-18.02-12:30)}
2023-02-28 18:51:59,751 DEBUG o.a.j.e.u.ValueReplacer: About to replace in property of type: class org.apache.jmeter.testelement.property.StringProperty: application
2023-02-28 18:51:59,751 DEBUG o.a.j.e.u.ValueReplacer: Replacement result: application
2023-02-28 18:51:59,751 DEBUG o.a.j.e.u.ValueReplacer: About to replace in property of type: class org.apache.jmeter.testelement.property.StringProperty: ${__P(test.runId,R-18.02-12:30)}
2023-02-28 18:51:59,751 DEBUG o.a.j.e.u.ValueReplacer: Replacement result: ${__P(test.runId,R-18.02-12:30)}
2023-02-28 18:51:59,752 DEBUG o.a.j.e.u.ValueReplacer: About to replace in property of type: class org.apache.jmeter.testelement.property.StringProperty: =
2023-02-28 18:51:59,752 DEBUG o.a.j.e.u.ValueReplacer: Replacement result: =
2023-02-28 18:51:59,752 DEBUG o.a.j.e.u.ValueReplacer: Replacement result: application=${__P(test.runId,R-18.02-12:30)}
2023-02-28 18:51:59,753 DEBUG o.a.j.e.u.ValueReplacer: About to replace in property of type: class org.apache.jmeter.testelement.property.TestElementProperty: measurement=jmeter
2023-02-28 18:51:59,753 DEBUG o.a.j.e.u.ValueReplacer: About to replace in property of type: class org.apache.jmeter.testelement.property.StringProperty: measurement
2023-02-28 18:51:59,753 DEBUG o.a.j.e.u.ValueReplacer: Replacement result: measurement
2023-02-28 18:51:59,754 DEBUG o.a.j.e.u.ValueReplacer: About to replace in property of type: class org.apache.jmeter.testelement.property.StringProperty: jmeter
2023-02-28 18:51:59,754 DEBUG o.a.j.e.u.ValueReplacer: Replacement result: jmeter
2023-02-28 18:51:59,755 DEBUG o.a.j.e.u.ValueReplacer: About to replace in property of type: class org.apache.jmeter.testelement.property.StringProperty: =
2023-02-28 18:51:59,755 DEBUG o.a.j.e.u.ValueReplacer: Replacement result: =
2023-02-28 18:51:59,755 DEBUG o.a.j.e.u.ValueReplacer: Replacement result: measurement=jmeter
2023-02-28 18:51:59,756 DEBUG o.a.j.e.u.ValueReplacer: About to replace in property of type: class org.apache.jmeter.testelement.property.TestElementProperty: summaryOnly=false
2023-02-28 18:51:59,756 DEBUG o.a.j.e.u.ValueReplacer: About to replace in property of type: class org.apache.jmeter.testelement.property.StringProperty: summaryOnly
2023-02-28 18:51:59,756 DEBUG o.a.j.e.u.ValueReplacer: Replacement result: summaryOnly
2023-02-28 18:51:59,757 DEBUG o.a.j.e.u.ValueReplacer: About to replace in property of type: class org.apache.jmeter.testelement.property.StringProperty: false
2023-02-28 18:51:59,757 DEBUG o.a.j.e.u.ValueReplacer: Replacement result: false
2023-02-28 18:51:59,757 DEBUG o.a.j.e.u.ValueReplacer: About to replace in property of type: class org.apache.jmeter.testelement.property.StringProperty: =
2023-02-28 18:51:59,757 DEBUG o.a.j.e.u.ValueReplacer: Replacement result: =
2023-02-28 18:51:59,758 DEBUG o.a.j.e.u.ValueReplacer: Replacement result: summaryOnly=false
2023-02-28 18:51:59,758 DEBUG o.a.j.e.u.ValueReplacer: About to replace in property of type: class org.apache.jmeter.testelement.property.TestElementProperty: samplersRegex=.*
2023-02-28 18:51:59,758 DEBUG o.a.j.e.u.ValueReplacer: About to replace in property of type: class org.apache.jmeter.testelement.property.StringProperty: samplersRegex
2023-02-28 18:51:59,759 DEBUG o.a.j.e.u.ValueReplacer: Replacement result: samplersRegex
2023-02-28 18:51:59,759 DEBUG o.a.j.e.u.ValueReplacer: About to replace in property of type: class org.apache.jmeter.testelement.property.StringProperty: .*
2023-02-28 18:51:59,759 DEBUG o.a.j.e.u.ValueReplacer: Replacement result: .*
2023-02-28 18:51:59,760 DEBUG o.a.j.e.u.ValueReplacer: About to replace in property of type: class org.apache.jmeter.testelement.property.StringProperty: =
2023-02-28 18:51:59,760 DEBUG o.a.j.e.u.ValueReplacer: Replacement result: =
2023-02-28 18:51:59,760 DEBUG o.a.j.e.u.ValueReplacer: Replacement result: samplersRegex=.*
2023-02-28 18:51:59,761 DEBUG o.a.j.e.u.ValueReplacer: About to replace in property of type: class org.apache.jmeter.testelement.property.TestElementProperty: percentiles=99;95;90
2023-02-28 18:51:59,761 DEBUG o.a.j.e.u.ValueReplacer: About to replace in property of type: class org.apache.jmeter.testelement.property.StringProperty: percentiles
2023-02-28 18:51:59,761 DEBUG o.a.j.e.u.ValueReplacer: Replacement result: percentiles
2023-02-28 18:51:59,762 DEBUG o.a.j.e.u.ValueReplacer: About to replace in property of type: class org.apache.jmeter.testelement.property.StringProperty: 99;95;90
2023-02-28 18:51:59,762 DEBUG o.a.j.e.u.ValueReplacer: Replacement result: 99;95;90
2023-02-28 18:51:59,762 DEBUG o.a.j.e.u.ValueReplacer: About to replace in property of type: class org.apache.jmeter.testelement.property.StringProperty: =
2023-02-28 18:51:59,762 DEBUG o.a.j.e.u.ValueReplacer: Replacement result: =
2023-02-28 18:51:59,762 DEBUG o.a.j.e.u.ValueReplacer: Replacement result: percentiles=99;95;90
2023-02-28 18:51:59,763 DEBUG o.a.j.e.u.ValueReplacer: About to replace in property of type: class org.apache.jmeter.testelement.property.TestElementProperty: testTitle=${__P(test.name,Sample)}
2023-02-28 18:51:59,763 DEBUG o.a.j.e.u.ValueReplacer: About to replace in property of type: class org.apache.jmeter.testelement.property.StringProperty: testTitle
2023-02-28 18:51:59,763 DEBUG o.a.j.e.u.ValueReplacer: Replacement result: testTitle
2023-02-28 18:51:59,763 DEBUG o.a.j.e.u.ValueReplacer: About to replace in property of type: class org.apache.jmeter.testelement.property.StringProperty: ${__P(test.name,Sample)}
2023-02-28 18:51:59,764 DEBUG o.a.j.e.u.ValueReplacer: Replacement result: ${__P(test.name,Sample)}
2023-02-28 18:51:59,764 DEBUG o.a.j.e.u.ValueReplacer: About to replace in property of type: class org.apache.jmeter.testelement.property.StringProperty: =
2023-02-28 18:51:59,764 DEBUG o.a.j.e.u.ValueReplacer: Replacement result: =
2023-02-28 18:51:59,765 DEBUG o.a.j.e.u.ValueReplacer: Replacement result: testTitle=${__P(test.name,Sample)}
2023-02-28 18:51:59,765 DEBUG o.a.j.e.u.ValueReplacer: About to replace in property of type: class org.apache.jmeter.testelement.property.TestElementProperty: eventTags=
2023-02-28 18:51:59,765 DEBUG o.a.j.e.u.ValueReplacer: About to replace in property of type: class org.apache.jmeter.testelement.property.StringProperty: eventTags
2023-02-28 18:51:59,766 DEBUG o.a.j.e.u.ValueReplacer: Replacement result: eventTags
2023-02-28 18:51:59,766 DEBUG o.a.j.e.u.ValueReplacer: About to replace in property of type: class org.apache.jmeter.testelement.property.StringProperty: 
2023-02-28 18:51:59,766 DEBUG o.a.j.e.u.ValueReplacer: Replacement result: 
2023-02-28 18:51:59,767 DEBUG o.a.j.e.u.ValueReplacer: About to replace in property of type: class org.apache.jmeter.testelement.property.StringProperty: =
2023-02-28 18:51:59,767 DEBUG o.a.j.e.u.ValueReplacer: Replacement result: =
2023-02-28 18:51:59,767 DEBUG o.a.j.e.u.ValueReplacer: Replacement result: eventTags=
2023-02-28 18:51:59,767 DEBUG o.a.j.e.u.ValueReplacer: About to replace in property of type: class org.apache.jmeter.testelement.property.TestElementProperty: influxdbToken=${__P(influxdb.token,)}
2023-02-28 18:51:59,769 DEBUG o.a.j.e.u.ValueReplacer: About to replace in property of type: class org.apache.jmeter.testelement.property.StringProperty: influxdbToken
2023-02-28 18:51:59,770 DEBUG o.a.j.e.u.ValueReplacer: Replacement result: influxdbToken
2023-02-28 18:51:59,770 DEBUG o.a.j.e.u.ValueReplacer: About to replace in property of type: class org.apache.jmeter.testelement.property.StringProperty: ${__P(influxdb.token,)}
2023-02-28 18:51:59,771 DEBUG o.a.j.e.u.ValueReplacer: Replacement result: ${__P(influxdb.token,)}
2023-02-28 18:51:59,771 DEBUG o.a.j.e.u.ValueReplacer: About to replace in property of type: class org.apache.jmeter.testelement.property.StringProperty: =
2023-02-28 18:51:59,772 DEBUG o.a.j.e.u.ValueReplacer: Replacement result: =
2023-02-28 18:51:59,772 DEBUG o.a.j.e.u.ValueReplacer: Replacement result: influxdbToken=${__P(influxdb.token,)}
2023-02-28 18:51:59,773 DEBUG o.a.j.e.u.ValueReplacer: About to replace in property of type: class org.apache.jmeter.testelement.property.TestElementProperty: TAG_nodeName=${__machineName()}
2023-02-28 18:51:59,773 DEBUG o.a.j.e.u.ValueReplacer: About to replace in property of type: class org.apache.jmeter.testelement.property.StringProperty: TAG_nodeName
2023-02-28 18:51:59,773 DEBUG o.a.j.e.u.ValueReplacer: Replacement result: TAG_nodeName
2023-02-28 18:51:59,774 DEBUG o.a.j.e.u.ValueReplacer: About to replace in property of type: class org.apache.jmeter.testelement.property.StringProperty: ${__machineName()}
2023-02-28 18:51:59,774 DEBUG o.a.j.e.u.ValueReplacer: Replacement result: ${__machineName()}
2023-02-28 18:51:59,774 DEBUG o.a.j.e.u.ValueReplacer: About to replace in property of type: class org.apache.jmeter.testelement.property.StringProperty: =
2023-02-28 18:51:59,774 DEBUG o.a.j.e.u.ValueReplacer: Replacement result: =
2023-02-28 18:51:59,775 DEBUG o.a.j.e.u.ValueReplacer: Replacement result: TAG_nodeName=${__machineName()}
2023-02-28 18:51:59,775 DEBUG o.a.j.e.u.ValueReplacer: Replacement result: [influxdbMetricsSender=org.apache.jmeter.visualizers.backend.influxdb.HttpMetricsSender, influxdbUrl=http://${__P(influxdb.hostname,127.0.0.1)}:${__P(influxdb.port,8086)}/api/v2/write?org=${__P(influxdb.organization,alps)}&bucket=${__P(influxdb.bucket,jmeter)}, application=${__P(test.runId,R-18.02-12:30)}, measurement=jmeter, summaryOnly=false, samplersRegex=.*, percentiles=99;95;90, testTitle=${__P(test.name,Sample)}, eventTags=, influxdbToken=${__P(influxdb.token,)}, TAG_nodeName=${__machineName()}]
2023-02-28 18:51:59,775 DEBUG o.a.j.e.u.ValueReplacer: About to replace in property of type: class org.apache.jmeter.testelement.property.StringProperty: org.apache.jmeter.config.gui.ArgumentsPanel
2023-02-28 18:51:59,776 DEBUG o.a.j.e.u.ValueReplacer: About to replace in property of type: class org.apache.jmeter.testelement.property.StringProperty: org.apache.jmeter.config.Arguments
2023-02-28 18:51:59,776 DEBUG o.a.j.e.u.ValueReplacer: About to replace in property of type: class org.apache.jmeter.testelement.property.StringProperty: true
2023-02-28 18:51:59,776 DEBUG o.a.j.e.u.ValueReplacer: Replacement result: true
2023-02-28 18:51:59,777 DEBUG o.a.j.e.u.ValueReplacer: Replacement result: influxdbMetricsSender=org.apache.jmeter.visualizers.backend.influxdb.HttpMetricsSender()&influxdbUrl=http://${__P(influxdb.hostname,127.0.0.1)}:${__P(influxdb.port,8086)}/api/v2/write?org=${__P(influxdb.organization,alps)}&bucket=${__P(influxdb.bucket,jmeter)}()&application=${__P(test.runId,R-18.02-12:30)}()&measurement=jmeter()&summaryOnly=false()&samplersRegex=.*()&percentiles=99;95;90()&testTitle=${__P(test.name,Sample)}()&eventTags=()&influxdbToken=${__P(influxdb.token,)}()&TAG_nodeName=${__machineName()}()
2023-02-28 18:51:59,777 DEBUG o.a.j.e.u.ValueReplacer: About to replace in property of type: class org.apache.jmeter.testelement.property.StringProperty: org.apache.jmeter.visualizers.backend.BackendListenerGui
2023-02-28 18:51:59,777 DEBUG o.a.j.e.u.ValueReplacer: About to replace in property of type: class org.apache.jmeter.testelement.property.StringProperty: org.apache.jmeter.visualizers.backend.BackendListener
2023-02-28 18:51:59,778 DEBUG o.a.j.e.u.ValueReplacer: About to replace in property of type: class org.apache.jmeter.testelement.property.StringProperty: InfluxDB Backend Listener
2023-02-28 18:51:59,778 DEBUG o.a.j.e.u.ValueReplacer: Replacement result: InfluxDB Backend Listener
2023-02-28 18:51:59,778 DEBUG o.a.j.e.u.ValueReplacer: About to replace in property of type: class org.apache.jmeter.testelement.property.BooleanProperty: true
2023-02-28 18:51:59,779 DEBUG o.a.j.e.u.ValueReplacer: Won't replace true
2023-02-28 18:51:59,779 DEBUG o.a.j.e.u.ValueReplacer: About to replace in property of type: class org.apache.jmeter.testelement.property.StringProperty: org.apache.jmeter.visualizers.backend.influxdb.InfluxdbBackendListenerClient
2023-02-28 18:51:59,779 DEBUG o.a.j.e.u.ValueReplacer: Replacement result: org.apache.jmeter.visualizers.backend.influxdb.InfluxdbBackendListenerClient
2023-02-28 18:51:59,780 DEBUG o.a.j.e.u.ValueReplacer: About to replace in property of type: class org.apache.jmeter.testelement.property.StringProperty: 60000
2023-02-28 18:51:59,780 DEBUG o.a.j.e.u.ValueReplacer: Replacement result: 60000
2023-02-28 18:51:59,781 DEBUG o.a.j.e.u.ValueReplacer: About to replace in property of type: class org.apache.jmeter.testelement.property.TestElementProperty: testName=${__P(test.name,Sample)}()&nodeName=${__machineName()}()&runId=${__P(test.runId,R-18.02-12:30)}()&influxDBHttpScheme=http()&influxDBHost=${__P(influxdb.hostname,127.0.0.1)}()&influxDBPort=${__P(influxdb.port,8086)}()&influxDBToken=${__P(influxdb.token,)}()&influxDBOrganization=${__P(influxdb.organization,alps)}()&influxDBBucket=${__P(influxdb.bucket,jmeter)}()&samplersList=.*()&useRegexForSamplerList=true()&recordSubSamples=true()&saveResponseBodyOfFailures=false()
2023-02-28 18:51:59,781 DEBUG o.a.j.e.u.ValueReplacer: About to replace in property of type: class org.apache.jmeter.testelement.property.CollectionProperty: [testName=${__P(test.name,Sample)}, nodeName=${__machineName()}, runId=${__P(test.runId,R-18.02-12:30)}, influxDBHttpScheme=http, influxDBHost=${__P(influxdb.hostname,127.0.0.1)}, influxDBPort=${__P(influxdb.port,8086)}, influxDBToken=${__P(influxdb.token,)}, influxDBOrganization=${__P(influxdb.organization,alps)}, influxDBBucket=${__P(influxdb.bucket,jmeter)}, samplersList=.*, useRegexForSamplerList=true, recordSubSamples=true, saveResponseBodyOfFailures=false]
2023-02-28 18:51:59,782 DEBUG o.a.j.e.u.ValueReplacer: About to replace in property of type: class org.apache.jmeter.testelement.property.TestElementProperty: testName=${__P(test.name,Sample)}
2023-02-28 18:51:59,782 DEBUG o.a.j.e.u.ValueReplacer: About to replace in property of type: class org.apache.jmeter.testelement.property.StringProperty: testName
2023-02-28 18:51:59,785 DEBUG o.a.j.e.u.ValueReplacer: Replacement result: testName
2023-02-28 18:51:59,786 DEBUG o.a.j.e.u.ValueReplacer: About to replace in property of type: class org.apache.jmeter.testelement.property.StringProperty: ${__P(test.name,Sample)}
2023-02-28 18:51:59,786 DEBUG o.a.j.e.u.ValueReplacer: Replacement result: ${__P(test.name,Sample)}
2023-02-28 18:51:59,786 DEBUG o.a.j.e.u.ValueReplacer: About to replace in property of type: class org.apache.jmeter.testelement.property.StringProperty: =
2023-02-28 18:51:59,787 DEBUG o.a.j.e.u.ValueReplacer: Replacement result: =
2023-02-28 18:51:59,787 DEBUG o.a.j.e.u.ValueReplacer: Replacement result: testName=${__P(test.name,Sample)}
2023-02-28 18:51:59,787 DEBUG o.a.j.e.u.ValueReplacer: About to replace in property of type: class org.apache.jmeter.testelement.property.TestElementProperty: nodeName=${__machineName()}
2023-02-28 18:51:59,788 DEBUG o.a.j.e.u.ValueReplacer: About to replace in property of type: class org.apache.jmeter.testelement.property.StringProperty: nodeName
2023-02-28 18:51:59,788 DEBUG o.a.j.e.u.ValueReplacer: Replacement result: nodeName
2023-02-28 18:51:59,788 DEBUG o.a.j.e.u.ValueReplacer: About to replace in property of type: class org.apache.jmeter.testelement.property.StringProperty: ${__machineName()}
2023-02-28 18:51:59,788 DEBUG o.a.j.e.u.ValueReplacer: Replacement result: ${__machineName()}
2023-02-28 18:51:59,789 DEBUG o.a.j.e.u.ValueReplacer: About to replace in property of type: class org.apache.jmeter.testelement.property.StringProperty: =
2023-02-28 18:51:59,789 DEBUG o.a.j.e.u.ValueReplacer: Replacement result: =
2023-02-28 18:51:59,789 DEBUG o.a.j.e.u.ValueReplacer: Replacement result: nodeName=${__machineName()}
2023-02-28 18:51:59,789 DEBUG o.a.j.e.u.ValueReplacer: About to replace in property of type: class org.apache.jmeter.testelement.property.TestElementProperty: runId=${__P(test.runId,R-18.02-12:30)}
2023-02-28 18:51:59,790 DEBUG o.a.j.e.u.ValueReplacer: About to replace in property of type: class org.apache.jmeter.testelement.property.StringProperty: runId
2023-02-28 18:51:59,790 DEBUG o.a.j.e.u.ValueReplacer: Replacement result: runId
2023-02-28 18:51:59,790 DEBUG o.a.j.e.u.ValueReplacer: About to replace in property of type: class org.apache.jmeter.testelement.property.StringProperty: ${__P(test.runId,R-18.02-12:30)}
2023-02-28 18:51:59,791 DEBUG o.a.j.e.u.ValueReplacer: Replacement result: ${__P(test.runId,R-18.02-12:30)}
2023-02-28 18:51:59,791 DEBUG o.a.j.e.u.ValueReplacer: About to replace in property of type: class org.apache.jmeter.testelement.property.StringProperty: =
2023-02-28 18:51:59,791 DEBUG o.a.j.e.u.ValueReplacer: Replacement result: =
2023-02-28 18:51:59,791 DEBUG o.a.j.e.u.ValueReplacer: Replacement result: runId=${__P(test.runId,R-18.02-12:30)}
2023-02-28 18:51:59,792 DEBUG o.a.j.e.u.ValueReplacer: About to replace in property of type: class org.apache.jmeter.testelement.property.TestElementProperty: influxDBHttpScheme=http
2023-02-28 18:51:59,792 DEBUG o.a.j.e.u.ValueReplacer: About to replace in property of type: class org.apache.jmeter.testelement.property.StringProperty: influxDBHttpScheme
2023-02-28 18:51:59,793 DEBUG o.a.j.e.u.ValueReplacer: Replacement result: influxDBHttpScheme
2023-02-28 18:51:59,793 DEBUG o.a.j.e.u.ValueReplacer: About to replace in property of type: class org.apache.jmeter.testelement.property.StringProperty: http
2023-02-28 18:51:59,794 DEBUG o.a.j.e.u.ValueReplacer: Replacement result: http
2023-02-28 18:51:59,794 DEBUG o.a.j.e.u.ValueReplacer: About to replace in property of type: class org.apache.jmeter.testelement.property.StringProperty: =
2023-02-28 18:51:59,794 DEBUG o.a.j.e.u.ValueReplacer: Replacement result: =
2023-02-28 18:51:59,795 DEBUG o.a.j.e.u.ValueReplacer: Replacement result: influxDBHttpScheme=http
2023-02-28 18:51:59,795 DEBUG o.a.j.e.u.ValueReplacer: About to replace in property of type: class org.apache.jmeter.testelement.property.TestElementProperty: influxDBHost=${__P(influxdb.hostname,127.0.0.1)}
2023-02-28 18:51:59,795 DEBUG o.a.j.e.u.ValueReplacer: About to replace in property of type: class org.apache.jmeter.testelement.property.StringProperty: influxDBHost
2023-02-28 18:51:59,796 DEBUG o.a.j.e.u.ValueReplacer: Replacement result: influxDBHost
2023-02-28 18:51:59,796 DEBUG o.a.j.e.u.ValueReplacer: About to replace in property of type: class org.apache.jmeter.testelement.property.StringProperty: ${__P(influxdb.hostname,127.0.0.1)}
2023-02-28 18:51:59,796 DEBUG o.a.j.e.u.ValueReplacer: Replacement result: ${__P(influxdb.hostname,127.0.0.1)}
2023-02-28 18:51:59,796 DEBUG o.a.j.e.u.ValueReplacer: About to replace in property of type: class org.apache.jmeter.testelement.property.StringProperty: =
2023-02-28 18:51:59,797 DEBUG o.a.j.e.u.ValueReplacer: Replacement result: =
2023-02-28 18:51:59,797 DEBUG o.a.j.e.u.ValueReplacer: Replacement result: influxDBHost=${__P(influxdb.hostname,127.0.0.1)}
2023-02-28 18:51:59,797 DEBUG o.a.j.e.u.ValueReplacer: About to replace in property of type: class org.apache.jmeter.testelement.property.TestElementProperty: influxDBPort=${__P(influxdb.port,8086)}
2023-02-28 18:51:59,797 DEBUG o.a.j.e.u.ValueReplacer: About to replace in property of type: class org.apache.jmeter.testelement.property.StringProperty: influxDBPort
2023-02-28 18:51:59,798 DEBUG o.a.j.e.u.ValueReplacer: Replacement result: influxDBPort
2023-02-28 18:51:59,798 DEBUG o.a.j.e.u.ValueReplacer: About to replace in property of type: class org.apache.jmeter.testelement.property.StringProperty: ${__P(influxdb.port,8086)}
2023-02-28 18:51:59,798 DEBUG o.a.j.e.u.ValueReplacer: Replacement result: ${__P(influxdb.port,8086)}
2023-02-28 18:51:59,798 DEBUG o.a.j.e.u.ValueReplacer: About to replace in property of type: class org.apache.jmeter.testelement.property.StringProperty: =
2023-02-28 18:51:59,799 DEBUG o.a.j.e.u.ValueReplacer: Replacement result: =
2023-02-28 18:51:59,799 DEBUG o.a.j.e.u.ValueReplacer: Replacement result: influxDBPort=${__P(influxdb.port,8086)}
2023-02-28 18:51:59,799 DEBUG o.a.j.e.u.ValueReplacer: About to replace in property of type: class org.apache.jmeter.testelement.property.TestElementProperty: influxDBToken=${__P(influxdb.token,)}
2023-02-28 18:51:59,800 DEBUG o.a.j.e.u.ValueReplacer: About to replace in property of type: class org.apache.jmeter.testelement.property.StringProperty: influxDBToken
2023-02-28 18:51:59,800 DEBUG o.a.j.e.u.ValueReplacer: Replacement result: influxDBToken
2023-02-28 18:51:59,800 DEBUG o.a.j.e.u.ValueReplacer: About to replace in property of type: class org.apache.jmeter.testelement.property.StringProperty: ${__P(influxdb.token,)}
2023-02-28 18:51:59,800 DEBUG o.a.j.e.u.ValueReplacer: Replacement result: ${__P(influxdb.token,)}
2023-02-28 18:51:59,801 DEBUG o.a.j.e.u.ValueReplacer: About to replace in property of type: class org.apache.jmeter.testelement.property.StringProperty: =
2023-02-28 18:51:59,801 DEBUG o.a.j.e.u.ValueReplacer: Replacement result: =
2023-02-28 18:51:59,801 DEBUG o.a.j.e.u.ValueReplacer: Replacement result: influxDBToken=${__P(influxdb.token,)}
2023-02-28 18:51:59,802 DEBUG o.a.j.e.u.ValueReplacer: About to replace in property of type: class org.apache.jmeter.testelement.property.TestElementProperty: influxDBOrganization=${__P(influxdb.organization,alps)}
2023-02-28 18:51:59,802 DEBUG o.a.j.e.u.ValueReplacer: About to replace in property of type: class org.apache.jmeter.testelement.property.StringProperty: influxDBOrganization
2023-02-28 18:51:59,802 DEBUG o.a.j.e.u.ValueReplacer: Replacement result: influxDBOrganization
2023-02-28 18:51:59,803 DEBUG o.a.j.e.u.ValueReplacer: About to replace in property of type: class org.apache.jmeter.testelement.property.StringProperty: ${__P(influxdb.organization,alps)}
2023-02-28 18:51:59,803 DEBUG o.a.j.e.u.ValueReplacer: Replacement result: ${__P(influxdb.organization,alps)}
2023-02-28 18:51:59,803 DEBUG o.a.j.e.u.ValueReplacer: About to replace in property of type: class org.apache.jmeter.testelement.property.StringProperty: =
2023-02-28 18:51:59,804 DEBUG o.a.j.e.u.ValueReplacer: Replacement result: =
2023-02-28 18:51:59,804 DEBUG o.a.j.e.u.ValueReplacer: Replacement result: influxDBOrganization=${__P(influxdb.organization,alps)}
2023-02-28 18:51:59,804 DEBUG o.a.j.e.u.ValueReplacer: About to replace in property of type: class org.apache.jmeter.testelement.property.TestElementProperty: influxDBBucket=${__P(influxdb.bucket,jmeter)}
2023-02-28 18:51:59,804 DEBUG o.a.j.e.u.ValueReplacer: About to replace in property of type: class org.apache.jmeter.testelement.property.StringProperty: influxDBBucket
2023-02-28 18:51:59,805 DEBUG o.a.j.e.u.ValueReplacer: Replacement result: influxDBBucket
2023-02-28 18:51:59,805 DEBUG o.a.j.e.u.ValueReplacer: About to replace in property of type: class org.apache.jmeter.testelement.property.StringProperty: ${__P(influxdb.bucket,jmeter)}
2023-02-28 18:51:59,805 DEBUG o.a.j.e.u.ValueReplacer: Replacement result: ${__P(influxdb.bucket,jmeter)}
2023-02-28 18:51:59,806 DEBUG o.a.j.e.u.ValueReplacer: About to replace in property of type: class org.apache.jmeter.testelement.property.StringProperty: =
2023-02-28 18:51:59,806 DEBUG o.a.j.e.u.ValueReplacer: Replacement result: =
2023-02-28 18:51:59,806 DEBUG o.a.j.e.u.ValueReplacer: Replacement result: influxDBBucket=${__P(influxdb.bucket,jmeter)}
2023-02-28 18:51:59,806 DEBUG o.a.j.e.u.ValueReplacer: About to replace in property of type: class org.apache.jmeter.testelement.property.TestElementProperty: samplersList=.*
2023-02-28 18:51:59,807 DEBUG o.a.j.e.u.ValueReplacer: About to replace in property of type: class org.apache.jmeter.testelement.property.StringProperty: samplersList
2023-02-28 18:51:59,807 DEBUG o.a.j.e.u.ValueReplacer: Replacement result: samplersList
2023-02-28 18:51:59,807 DEBUG o.a.j.e.u.ValueReplacer: About to replace in property of type: class org.apache.jmeter.testelement.property.StringProperty: .*
2023-02-28 18:51:59,807 DEBUG o.a.j.e.u.ValueReplacer: Replacement result: .*
2023-02-28 18:51:59,807 DEBUG o.a.j.e.u.ValueReplacer: About to replace in property of type: class org.apache.jmeter.testelement.property.StringProperty: =
2023-02-28 18:51:59,808 DEBUG o.a.j.e.u.ValueReplacer: Replacement result: =
2023-02-28 18:51:59,808 DEBUG o.a.j.e.u.ValueReplacer: Replacement result: samplersList=.*
2023-02-28 18:51:59,809 DEBUG o.a.j.e.u.ValueReplacer: About to replace in property of type: class org.apache.jmeter.testelement.property.TestElementProperty: useRegexForSamplerList=true
2023-02-28 18:51:59,809 DEBUG o.a.j.e.u.ValueReplacer: About to replace in property of type: class org.apache.jmeter.testelement.property.StringProperty: useRegexForSamplerList
2023-02-28 18:51:59,809 DEBUG o.a.j.e.u.ValueReplacer: Replacement result: useRegexForSamplerList
2023-02-28 18:51:59,809 DEBUG o.a.j.e.u.ValueReplacer: About to replace in property of type: class org.apache.jmeter.testelement.property.StringProperty: true
2023-02-28 18:51:59,810 DEBUG o.a.j.e.u.ValueReplacer: Replacement result: true
2023-02-28 18:51:59,810 DEBUG o.a.j.e.u.ValueReplacer: About to replace in property of type: class org.apache.jmeter.testelement.property.StringProperty: =
2023-02-28 18:51:59,810 DEBUG o.a.j.e.u.ValueReplacer: Replacement result: =
2023-02-28 18:51:59,811 DEBUG o.a.j.e.u.ValueReplacer: Replacement result: useRegexForSamplerList=true
2023-02-28 18:51:59,811 DEBUG o.a.j.e.u.ValueReplacer: About to replace in property of type: class org.apache.jmeter.testelement.property.TestElementProperty: recordSubSamples=true
2023-02-28 18:51:59,811 DEBUG o.a.j.e.u.ValueReplacer: About to replace in property of type: class org.apache.jmeter.testelement.property.StringProperty: recordSubSamples
2023-02-28 18:51:59,811 DEBUG o.a.j.e.u.ValueReplacer: Replacement result: recordSubSamples
2023-02-28 18:51:59,812 DEBUG o.a.j.e.u.ValueReplacer: About to replace in property of type: class org.apache.jmeter.testelement.property.StringProperty: true
2023-02-28 18:51:59,812 DEBUG o.a.j.e.u.ValueReplacer: Replacement result: true
2023-02-28 18:51:59,812 DEBUG o.a.j.e.u.ValueReplacer: About to replace in property of type: class org.apache.jmeter.testelement.property.StringProperty: =
2023-02-28 18:51:59,813 DEBUG o.a.j.e.u.ValueReplacer: Replacement result: =
2023-02-28 18:51:59,816 DEBUG o.a.j.e.u.ValueReplacer: Replacement result: recordSubSamples=true
2023-02-28 18:51:59,822 DEBUG o.a.j.e.u.ValueReplacer: About to replace in property of type: class org.apache.jmeter.testelement.property.TestElementProperty: saveResponseBodyOfFailures=false
2023-02-28 18:51:59,822 DEBUG o.a.j.e.u.ValueReplacer: About to replace in property of type: class org.apache.jmeter.testelement.property.StringProperty: saveResponseBodyOfFailures
2023-02-28 18:51:59,823 DEBUG o.a.j.e.u.ValueReplacer: Replacement result: saveResponseBodyOfFailures
2023-02-28 18:51:59,823 DEBUG o.a.j.e.u.ValueReplacer: About to replace in property of type: class org.apache.jmeter.testelement.property.StringProperty: false
2023-02-28 18:51:59,823 DEBUG o.a.j.e.u.ValueReplacer: Replacement result: false
2023-02-28 18:51:59,823 DEBUG o.a.j.e.u.ValueReplacer: About to replace in property of type: class org.apache.jmeter.testelement.property.StringProperty: =
2023-02-28 18:51:59,824 DEBUG o.a.j.e.u.ValueReplacer: Replacement result: =
2023-02-28 18:51:59,824 DEBUG o.a.j.e.u.ValueReplacer: Replacement result: saveResponseBodyOfFailures=false
2023-02-28 18:51:59,824 DEBUG o.a.j.e.u.ValueReplacer: Replacement result: [testName=${__P(test.name,Sample)}, nodeName=${__machineName()}, runId=${__P(test.runId,R-18.02-12:30)}, influxDBHttpScheme=http, influxDBHost=${__P(influxdb.hostname,127.0.0.1)}, influxDBPort=${__P(influxdb.port,8086)}, influxDBToken=${__P(influxdb.token,)}, influxDBOrganization=${__P(influxdb.organization,alps)}, influxDBBucket=${__P(influxdb.bucket,jmeter)}, samplersList=.*, useRegexForSamplerList=true, recordSubSamples=true, saveResponseBodyOfFailures=false]
2023-02-28 18:51:59,824 DEBUG o.a.j.e.u.ValueReplacer: About to replace in property of type: class org.apache.jmeter.testelement.property.StringProperty: org.apache.jmeter.config.gui.ArgumentsPanel
2023-02-28 18:51:59,825 DEBUG o.a.j.e.u.ValueReplacer: About to replace in property of type: class org.apache.jmeter.testelement.property.StringProperty: org.apache.jmeter.config.Arguments
2023-02-28 18:51:59,826 DEBUG o.a.j.e.u.ValueReplacer: About to replace in property of type: class org.apache.jmeter.testelement.property.StringProperty: true
2023-02-28 18:51:59,826 DEBUG o.a.j.e.u.ValueReplacer: Replacement result: true
2023-02-28 18:51:59,826 DEBUG o.a.j.e.u.ValueReplacer: Replacement result: testName=${__P(test.name,Sample)}()&nodeName=${__machineName()}()&runId=${__P(test.runId,R-18.02-12:30)}()&influxDBHttpScheme=http()&influxDBHost=${__P(influxdb.hostname,127.0.0.1)}()&influxDBPort=${__P(influxdb.port,8086)}()&influxDBToken=${__P(influxdb.token,)}()&influxDBOrganization=${__P(influxdb.organization,alps)}()&influxDBBucket=${__P(influxdb.bucket,jmeter)}()&samplersList=.*()&useRegexForSamplerList=true()&recordSubSamples=true()&saveResponseBodyOfFailures=false()
2023-02-28 18:51:59,827 DEBUG o.a.j.e.u.ValueReplacer: About to replace in property of type: class org.apache.jmeter.testelement.property.StringProperty: org.apache.jmeter.visualizers.backend.BackendListenerGui
2023-02-28 18:51:59,827 DEBUG o.a.j.e.u.ValueReplacer: About to replace in property of type: class org.apache.jmeter.testelement.property.StringProperty: org.apache.jmeter.visualizers.backend.BackendListener
2023-02-28 18:51:59,827 DEBUG o.a.j.e.u.ValueReplacer: About to replace in property of type: class org.apache.jmeter.testelement.property.StringProperty: InfluxDB 2.0 Backend Listener
2023-02-28 18:51:59,828 DEBUG o.a.j.e.u.ValueReplacer: Replacement result: InfluxDB 2.0 Backend Listener
2023-02-28 18:51:59,828 DEBUG o.a.j.e.u.ValueReplacer: About to replace in property of type: class org.apache.jmeter.testelement.property.BooleanProperty: true
2023-02-28 18:51:59,828 DEBUG o.a.j.e.u.ValueReplacer: Won't replace true
2023-02-28 18:51:59,829 DEBUG o.a.j.e.u.ValueReplacer: About to replace in property of type: class org.apache.jmeter.testelement.property.StringProperty: org.md.jmeter.influxdb2.visualizer.InfluxDatabaseBackendListenerClient
2023-02-28 18:51:59,829 DEBUG o.a.j.e.u.ValueReplacer: Replacement result: org.md.jmeter.influxdb2.visualizer.InfluxDatabaseBackendListenerClient
2023-02-28 18:51:59,829 DEBUG o.a.j.e.u.ValueReplacer: About to replace in property of type: class org.apache.jmeter.testelement.property.StringProperty: 60000
2023-02-28 18:51:59,829 DEBUG o.a.j.e.u.ValueReplacer: Replacement result: 60000
2023-02-28 18:51:59,830 DEBUG o.a.j.e.u.ValueReplacer: About to replace in property of type: class org.apache.jmeter.testelement.property.BooleanProperty: false
2023-02-28 18:51:59,830 DEBUG o.a.j.e.u.ValueReplacer: Won't replace false
2023-02-28 18:51:59,830 DEBUG o.a.j.e.u.ValueReplacer: About to replace in property of type: class org.apache.jmeter.testelement.property.ObjectProperty: org.apache.jmeter.samplers.SampleSaveConfiguration@6787570f
2023-02-28 18:51:59,830 DEBUG o.a.j.e.u.ValueReplacer: Won't replace org.apache.jmeter.samplers.SampleSaveConfiguration@6787570f
2023-02-28 18:51:59,831 DEBUG o.a.j.e.u.ValueReplacer: About to replace in property of type: class org.apache.jmeter.testelement.property.StringProperty: /jmeter/repo/results/sample-docker-compose-28022023-195139.csv
2023-02-28 18:51:59,831 DEBUG o.a.j.e.u.ValueReplacer: Replacement result: /jmeter/repo/results/sample-docker-compose-28022023-195139.csv
2023-02-28 18:51:59,832 DEBUG o.a.j.e.ConvertListeners: num threads = 1
2023-02-28 18:51:59,834 DEBUG o.a.j.e.ConvertListeners: num threads = 0
2023-02-28 18:51:59,834 DEBUG o.a.j.e.ConvertListeners: num threads = 1
2023-02-28 18:51:59,834 DEBUG o.a.j.e.ConvertListeners: num threads = 1
2023-02-28 18:51:59,835 DEBUG o.a.j.e.ConvertListeners: num threads = 1
2023-02-28 18:51:59,835 INFO o.a.j.r.RmiUtils: Disabling SSL for RMI as server.rmi.ssl.disable is set to 'true'
2023-02-28 18:51:59,835 INFO o.a.j.r.RmiUtils: Disabling SSL for RMI as server.rmi.ssl.disable is set to 'true'
2023-02-28 18:51:59,836 INFO o.a.j.s.BatchSampleSender: Using batching (client settings) for this run. Thresholds: num=100, time=60000
2023-02-28 18:51:59,836 INFO o.a.j.r.RmiUtils: Disabling SSL for RMI as server.rmi.ssl.disable is set to 'true'
2023-02-28 18:51:59,836 INFO o.a.j.r.RmiUtils: Disabling SSL for RMI as server.rmi.ssl.disable is set to 'true'
2023-02-28 18:51:59,837 INFO o.a.j.s.BatchSampleSender: Using batching (client settings) for this run. Thresholds: num=100, time=60000
2023-02-28 18:51:59,837 INFO o.a.j.r.RmiUtils: Disabling SSL for RMI as server.rmi.ssl.disable is set to 'true'
2023-02-28 18:51:59,837 INFO o.a.j.r.RmiUtils: Disabling SSL for RMI as server.rmi.ssl.disable is set to 'true'
2023-02-28 18:51:59,837 INFO o.a.j.s.BatchSampleSender: Using batching (client settings) for this run. Thresholds: num=100, time=60000
2023-02-28 18:51:59,838 INFO o.a.j.r.RmiUtils: Disabling SSL for RMI as server.rmi.ssl.disable is set to 'true'
2023-02-28 18:51:59,838 INFO o.a.j.r.RmiUtils: Disabling SSL for RMI as server.rmi.ssl.disable is set to 'true'
2023-02-28 18:52:00,013 INFO o.a.j.r.RmiUtils: Disabling SSL for RMI as server.rmi.ssl.disable is set to 'true'
2023-02-28 18:52:00,014 INFO o.a.j.r.RmiUtils: Disabling SSL for RMI as server.rmi.ssl.disable is set to 'true'
2023-02-28 18:52:00,293 INFO o.a.j.e.ClientJMeterEngine: sent test to jmeter-server-1 basedir='.'
2023-02-28 18:52:00,293 INFO o.a.j.e.ClientJMeterEngine: Sending properties {redis.ssl.enable=true, redis.port=6379, influxdb.bucket=jmeter, influxdb.hostname=influxdb, influxdb.port=8086, api.host=httpbin.org, influxdb.token=ScHCbdo6A2goQ9afT3iGnh4VoZUvViEwmH8dpcGWm45B2mfAN2n1EM33oG5otv2cCTvkiO92-CFpC9wHpQXNVQ==, mode=org.ifisolution.plugins.samplers.InfluxSampleSender, test.name=sample, redis.password=redis@alpana, master_send_result=true, test.runId=, reports.dir=/jmeter/repo/results, api.user.name=alpana, save_error_response=true, save_measure_sub_result=, number.of.threads=1, loop.count=1, api.user.password=httpbin, influxdb.organization=alps, redis.ssl.truststore.password=redis-cert@alpana, ramp.up.seconds=1, redis.host=redis, redis.ssl.truststore.file=/tmp/server-ca.jks, redis.ssl.truststore.type=JKS, api.protocol=https, startup.delay.seconds=5, duration.seconds=300}
2023-02-28 18:52:00,323 INFO o.a.j.e.ClientJMeterEngine: sent run command to jmeter-server-1
2023-02-28 18:52:00,324 INFO o.a.j.e.DistributedRunner: Remote engines have been started:[jmeter-server-2, jmeter-server-1]
2023-02-28 18:52:02,029 INFO o.a.j.v.b.BackendListener: InfluxDB Backend Listener: Starting worker with class: class org.apache.jmeter.visualizers.backend.influxdb.InfluxdbBackendListenerClient and queue capacity: 60000
2023-02-28 18:52:02,038 INFO o.a.j.v.b.BackendListener: InfluxDB Backend Listener: Started  worker with class: class org.apache.jmeter.visualizers.backend.influxdb.InfluxdbBackendListenerClient
2023-02-28 18:52:02,539 INFO o.a.j.v.b.BackendListener: InfluxDB 2.0 Backend Listener: Starting worker with class: class org.md.jmeter.influxdb2.visualizer.InfluxDatabaseBackendListenerClient and queue capacity: 60000
2023-02-28 18:52:02,546 INFO o.a.j.v.b.BackendListener: InfluxDB 2.0 Backend Listener: Started  worker with class: class org.md.jmeter.influxdb2.visualizer.InfluxDatabaseBackendListenerClient
2023-02-28 18:52:02,553 INFO o.m.j.i.v.InfluxDatabaseBackendListenerClient: InfluxDBClientFactory is going to use the following properties:
2023-02-28 18:52:02,568 INFO o.m.j.i.v.InfluxDatabaseBackendListenerClient: URL --> http://influxdb:8086
2023-02-28 18:52:02,569 INFO o.m.j.i.v.InfluxDatabaseBackendListenerClient: Token --> ScHCbdo6A2goQ9afT3iGnh4VoZUvViEwmH8dpcGWm45B2mfAN2n1EM33oG5otv2cCTvkiO92-CFpC9wHpQXNVQ==
2023-02-28 18:52:02,570 INFO o.m.j.i.v.InfluxDatabaseBackendListenerClient: Organization --> alps
2023-02-28 18:52:02,571 INFO o.m.j.i.v.InfluxDatabaseBackendListenerClient: Bucket --> jmeter
2023-02-28 18:52:03,029 INFO o.a.j.JMeter: Started remote host:  jmeter-server-2 (1677610323029)
2023-02-28 18:52:03,029 INFO o.a.j.JMeter: Started remote host:  jmeter-server-1 (1677610323029)
2023-02-28 18:53:13,418 INFO o.a.j.JMeter: Finished remote host: jmeter-server-2 (1677610393418)
2023-02-28 18:53:13,517 INFO o.a.j.v.b.BackendListener: Worker ended
2023-02-28 18:53:13,518 INFO o.a.j.v.b.i.InfluxdbBackendListenerClient: Sending last metrics to InfluxDB
2023-02-28 18:53:13,525 INFO o.a.j.v.b.i.HttpMetricsSender: Destroying 
2023-02-28 18:53:13,551 INFO o.a.j.v.b.BackendListener: Worker ended
2023-02-28 18:53:13,552 INFO o.m.j.i.v.InfluxDatabaseBackendListenerClient: Shutting down influxDB scheduler...
2023-02-28 18:53:13,571 INFO o.m.j.i.v.InfluxDatabaseBackendListenerClient: influxDB scheduler terminated!
2023-02-28 18:53:13,577 INFO o.a.j.r.Summariser: summary =     16 in 00:01:11 =    0.2/s Avg:   757 Min:     1 Max:  3545 Err:     2 (12.50%)
2023-02-28 18:53:13,578 INFO o.a.j.JMeter: Finished remote host: jmeter-server-1 (1677610393578)
2023-02-28 18:53:13,578 INFO o.a.j.JMeter: All remote engines have ended test, starting RemoteTestStopper thread
2023-02-28 18:53:18,583 INFO o.a.j.JMeter: Interrupting RMI Reaper
