2023-02-27 20:16:54,197 INFO o.a.j.u.JMeterUtils: Setting Locale to en_EN
2023-02-27 20:16:54,233 INFO o.a.j.JMeter: Loading user properties from: /jmeter/apache-jmeter-5.4.3/bin/user.properties
2023-02-27 20:16:54,234 INFO o.a.j.JMeter: Loading system properties from: /jmeter/apache-jmeter-5.4.3/bin/system.properties
2023-02-27 20:16:54,235 INFO o.a.j.JMeter: Setting System property: server_port=1099
2023-02-27 20:16:54,235 INFO o.a.j.JMeter: Setting System property: server.rmi.localport=50000
2023-02-27 20:16:54,236 INFO o.a.j.JMeter: Setting System property: server_port=1099
2023-02-27 20:16:54,236 INFO o.a.j.JMeter: Setting JMeter property: server.rmi.ssl.disable=true
2023-02-27 20:16:54,243 INFO o.a.j.JMeter: Copyright (c) 1998-2021 The Apache Software Foundation
2023-02-27 20:16:54,244 INFO o.a.j.JMeter: Version 5.4.3
2023-02-27 20:16:54,245 INFO o.a.j.JMeter: java.version=11.0.17
2023-02-27 20:16:54,246 INFO o.a.j.JMeter: java.vm.name=OpenJDK 64-Bit Server VM
2023-02-27 20:16:54,247 INFO o.a.j.JMeter: os.name=Linux
2023-02-27 20:16:54,247 INFO o.a.j.JMeter: os.arch=amd64
2023-02-27 20:16:54,248 INFO o.a.j.JMeter: os.version=5.10.16.3-microsoft-standard-WSL2
2023-02-27 20:16:54,248 INFO o.a.j.JMeter: file.encoding=UTF-8
2023-02-27 20:16:54,248 INFO o.a.j.JMeter: java.awt.headless=true
2023-02-27 20:16:54,249 INFO o.a.j.JMeter: Max memory     =1073741824
2023-02-27 20:16:54,250 INFO o.a.j.JMeter: Available Processors =4
2023-02-27 20:16:54,265 INFO o.a.j.JMeter: Default Locale=English (EN)
2023-02-27 20:16:54,266 INFO o.a.j.JMeter: JMeter  Locale=English (EN)
2023-02-27 20:16:54,267 INFO o.a.j.JMeter: JMeterHome=/jmeter/apache-jmeter-5.4.3
2023-02-27 20:16:54,267 INFO o.a.j.JMeter: user.dir  =/jmeter/apache-jmeter-5.4.3
2023-02-27 20:16:54,268 INFO o.a.j.JMeter: PWD       =/jmeter/apache-jmeter-5.4.3
2023-02-27 20:16:54,269 INFO o.a.j.JMeter: IP: 172.28.5.20 Name: c08b548ffa02 FullName: c08b548ffa02
2023-02-27 20:16:54,284 INFO o.a.j.r.RmiUtils: Disabling SSL for RMI as server.rmi.ssl.disable is set to 'true'
2023-02-27 20:16:54,284 INFO o.a.j.r.RmiUtils: Disabling SSL for RMI as server.rmi.ssl.disable is set to 'true'
2023-02-27 20:16:54,396 INFO o.a.j.e.RemoteJMeterEngineImpl: Starting backing engine on 1099
2023-02-27 20:16:54,396 INFO o.a.j.r.RmiUtils: System property 'java.rmi.server.hostname' is not defined, using localHost address
2023-02-27 20:16:54,397 INFO o.a.j.r.RmiUtils: Local IP address=172.28.5.20
2023-02-27 20:16:54,397 INFO o.a.j.e.RemoteJMeterEngineImpl: IP address is a site-local address; this may cause problems with remote access.
	Can be overridden by defining the system property 'java.rmi.server.hostname' - see jmeter-server script file
2023-02-27 20:16:54,397 INFO o.a.j.e.RemoteJMeterEngineImpl: Creating RMI registry (server.rmi.create=true)
2023-02-27 20:16:54,398 INFO o.a.j.r.RmiUtils: Disabling SSL for RMI as server.rmi.ssl.disable is set to 'true'
2023-02-27 20:16:54,398 INFO o.a.j.r.RmiUtils: Disabling SSL for RMI as server.rmi.ssl.disable is set to 'true'
2023-02-27 20:16:54,402 INFO o.a.j.e.RemoteJMeterEngineImpl: Bound to RMI registry on port 1099
2023-02-27 20:27:31,853 INFO o.a.j.s.SampleEvent: List of sample_variables: []
2023-02-27 20:27:31,864 INFO o.a.j.s.BatchSampleSender: Using batching for this run. Thresholds: num=100, time=60000
2023-02-27 20:27:31,866 INFO o.a.j.s.DataStrippingSampleSender: Using DataStrippingSampleSender for this run with stripAlsoOnError: true
2023-02-27 20:27:31,956 INFO o.a.j.p.h.s.HTTPSamplerBase: Parser for text/html is org.apache.jmeter.protocol.http.parser.LagartoBasedHtmlParser
2023-02-27 20:27:31,957 INFO o.a.j.p.h.s.HTTPSamplerBase: Parser for application/xhtml+xml is org.apache.jmeter.protocol.http.parser.LagartoBasedHtmlParser
2023-02-27 20:27:31,957 INFO o.a.j.p.h.s.HTTPSamplerBase: Parser for application/xml is org.apache.jmeter.protocol.http.parser.LagartoBasedHtmlParser
2023-02-27 20:27:31,958 INFO o.a.j.p.h.s.HTTPSamplerBase: Parser for text/xml is org.apache.jmeter.protocol.http.parser.LagartoBasedHtmlParser
2023-02-27 20:27:31,958 INFO o.a.j.p.h.s.HTTPSamplerBase: Parser for text/vnd.wap.wml is org.apache.jmeter.protocol.http.parser.RegexpHTMLParser
2023-02-27 20:27:31,958 INFO o.a.j.p.h.s.HTTPSamplerBase: Parser for text/css is org.apache.jmeter.protocol.http.parser.CssParser
2023-02-27 20:27:31,978 INFO o.a.j.s.BatchSampleSender: Using batching for this run. Thresholds: num=100, time=60000
2023-02-27 20:27:31,979 INFO o.a.j.s.DataStrippingSampleSender: Using DataStrippingSampleSender for this run with stripAlsoOnError: true
2023-02-27 20:27:31,983 INFO o.a.j.s.BatchSampleSender: Using batching for this run. Thresholds: num=100, time=60000
2023-02-27 20:27:31,983 INFO o.a.j.s.DataStrippingSampleSender: Using DataStrippingSampleSender for this run with stripAlsoOnError: true
2023-02-27 20:27:32,036 INFO o.a.j.e.RemoteJMeterEngineImpl: Creating JMeter engine on host 172.28.5.20 base 'tests'
2023-02-27 20:27:32,039 INFO o.a.j.e.RemoteJMeterEngineImpl: Remote client host: 172.28.5.10
2023-02-27 20:27:32,044 INFO o.a.j.s.FileServer: Default base='/jmeter/apache-jmeter-5.4.3'
2023-02-27 20:27:32,045 INFO o.a.j.s.FileServer: Set new base='tests'
2023-02-27 20:27:32,051 INFO o.a.j.e.StandardJMeterEngine: Applying properties {redis.ssl.enable=true, redis.port=6379, influxdb.bucket=jmeter, influxdb.hostname=host.docker.internal, api.host=httpbin.org, test.name=sample, test.runId=, reports.dir=/jmeter/repo/results, api.user.name=alpana, redis.ssl.truststore.password=redis-cert@alpana, ramp.up.seconds=1, redis.host=host.docker.internal, redis.ssl.truststore.file=/tmp/server-ca.jks, duration.seconds=300, startup.delay.seconds=5, api.protocol=https, influxdb.port=9086, influxdb.token=ScHCbdo6A2goQ9afT3iGnh4VoZUvViEwmH8dpcGWm45B2mfAN2n1EM33oG5otv2cCTvkiO92-CFpC9wHpQXNVQ==, redis.password=redis@alpana, number.of.threads=1, loop.count=1, api.user.password=httpbin, influxdb.organization=alps, redis.ssl.truststore.type=JKS}
2023-02-27 20:27:32,053 INFO o.a.j.e.RemoteJMeterEngineImpl: Running test
2023-02-27 20:27:32,062 INFO o.a.j.e.StandardJMeterEngine: Running the test!
2023-02-27 20:27:32,064 INFO o.a.j.s.SampleEvent: List of sample_variables: []
2023-02-27 20:27:32,075 INFO o.a.j.e.u.CompoundVariable: Note: Function class names must contain the string: '.functions.'
2023-02-27 20:27:32,077 INFO o.a.j.e.u.CompoundVariable: Note: Function class names must not contain the string: '.gui.'
2023-02-27 20:27:34,951 INFO o.a.j.e.StandardJMeterEngine: Starting setUp thread groups
2023-02-27 20:27:34,952 INFO o.a.j.e.StandardJMeterEngine: Starting setUp ThreadGroup: 1 : setUp Thread Group 
2023-02-27 20:27:34,953 INFO o.a.j.e.StandardJMeterEngine: Starting 1 threads for group setUp Thread Group.
2023-02-27 20:27:34,953 INFO o.a.j.e.StandardJMeterEngine: Test will stop abruptly on error
2023-02-27 20:27:34,954 INFO o.a.j.t.ThreadGroup: Starting thread group... number=1 threads=1 ramp-up=1 delayedStart=false
2023-02-27 20:27:34,962 INFO o.a.j.t.ThreadGroup: Started thread group number 1
2023-02-27 20:27:34,963 INFO o.a.j.e.StandardJMeterEngine: Waiting for all setup thread groups to exit
2023-02-27 20:27:34,967 INFO o.a.j.t.JMeterThread: Thread started: 172.28.5.20-setUp Thread Group 1-1
2023-02-27 20:27:34,976 INFO o.a.j.s.SampleResult: Note: Sample TimeStamps are START times
2023-02-27 20:27:34,977 INFO o.a.j.s.SampleResult: sampleresult.default.encoding is set to ISO-8859-1
2023-02-27 20:27:34,977 INFO o.a.j.s.SampleResult: sampleresult.useNanoTime=true
2023-02-27 20:27:34,978 INFO o.a.j.s.SampleResult: sampleresult.nanoThreadSleep=5000
2023-02-27 20:27:36,739 INFO o.a.j.p.j.s.J.Initialize jedis connection: Redis: Connection Details: Host:host.docker.internal port:6379 ssl_enable: true
2023-02-27 20:27:37,695 INFO o.a.j.p.j.s.J.Initialize jedis connection: Redis: connected! ping --> PONG
2023-02-27 20:27:37,773 INFO o.a.j.p.j.s.J.Initialize jedis connection: Redis: Deleted all data - OK
2023-02-27 20:27:37,784 INFO o.a.j.p.j.s.J.Initialize jedis connection: Redis: disconnected and closed!
2023-02-27 20:27:37,843 INFO o.a.j.t.JMeterThread: Thread is done: 172.28.5.20-setUp Thread Group 1-1
2023-02-27 20:27:37,845 INFO o.a.j.t.JMeterThread: Thread finished: 172.28.5.20-setUp Thread Group 1-1
2023-02-27 20:27:37,854 INFO o.a.j.e.StandardJMeterEngine: All Setup Threads have ended
2023-02-27 20:27:37,975 INFO o.a.j.e.StandardJMeterEngine: Starting ThreadGroup: 1 : Thread Group HTTP Methods
2023-02-27 20:27:37,976 INFO o.a.j.e.StandardJMeterEngine: Starting 1 threads for group Thread Group HTTP Methods.
2023-02-27 20:27:37,977 INFO o.a.j.e.StandardJMeterEngine: Thread will continue on error
2023-02-27 20:27:37,978 INFO o.a.j.t.ThreadGroup: Starting thread group... number=1 threads=1 ramp-up=1 delayedStart=true
2023-02-27 20:27:37,982 INFO o.a.j.t.ThreadGroup: Started thread group number 1
2023-02-27 20:27:37,983 INFO o.a.j.e.StandardJMeterEngine: Starting ThreadGroup: 2 : Thread Group Auth
2023-02-27 20:27:37,983 INFO o.a.j.e.StandardJMeterEngine: Starting 1 threads for group Thread Group Auth.
2023-02-27 20:27:37,984 INFO o.a.j.e.StandardJMeterEngine: Thread will continue on error
2023-02-27 20:27:37,985 INFO o.a.j.t.ThreadGroup: Starting thread group... number=2 threads=1 ramp-up=1 delayedStart=false
2023-02-27 20:27:37,987 INFO o.a.j.t.ThreadGroup: Started thread group number 2
2023-02-27 20:27:37,988 INFO o.a.j.e.StandardJMeterEngine: Starting ThreadGroup: 3 : Thread Group Client Inspection
2023-02-27 20:27:37,989 INFO o.a.j.e.StandardJMeterEngine: Starting 1 threads for group Thread Group Client Inspection.
2023-02-27 20:27:37,989 INFO o.a.j.e.StandardJMeterEngine: Thread will continue on error
2023-02-27 20:27:37,991 INFO o.a.j.t.ThreadGroup: Starting thread group... number=3 threads=1 ramp-up=1 delayedStart=false
2023-02-27 20:27:37,992 INFO o.a.j.t.JMeterThread: Thread started: 172.28.5.20-Thread Group Auth 2-1
2023-02-27 20:27:38,003 INFO o.a.j.t.ThreadGroup: Started thread group number 3
2023-02-27 20:27:38,004 INFO o.a.j.e.StandardJMeterEngine: All thread groups have been started
2023-02-27 20:27:38,005 INFO o.a.j.t.JMeterThread: Thread started: 172.28.5.20-Thread Group Client Inspection 3-1
2023-02-27 20:27:38,169 INFO o.a.j.p.h.s.HTTPHCAbstractImpl: Local host = c08b548ffa02
2023-02-27 20:27:38,181 INFO o.a.j.p.h.s.HTTPHC4Impl: HTTP request retry count = 0
2023-02-27 20:27:38,865 INFO o.a.j.p.h.s.h.LazyLayeredConnectionSocketFactory: Setting up HTTPS TrustAll Socket Factory
2023-02-27 20:27:38,874 INFO o.a.j.u.JsseSSLManager: Using default SSL protocol: TLS
2023-02-27 20:27:38,874 INFO o.a.j.u.JsseSSLManager: SSL session context: per-thread
2023-02-27 20:27:39,227 INFO o.a.j.u.SSLManager: JmeterKeyStore Location:  type JKS
2023-02-27 20:27:39,229 INFO o.a.j.u.SSLManager: KeyStore created OK
2023-02-27 20:27:39,229 WARN o.a.j.u.SSLManager: Keystore file not found, loading empty keystore
2023-02-27 20:27:39,230 INFO o.a.j.u.SSLManager: TrustStore Location: /tmp/server-ca.jks
2023-02-27 20:27:39,231 INFO o.a.j.u.SSLManager: TrustStore created OK, Type: JKS
2023-02-27 20:27:39,232 INFO o.a.j.u.SSLManager: Truststore loaded OK from file
2023-02-27 20:27:40,217 INFO o.a.j.e.J.Get IP: Redis: Connection Details: Host:host.docker.internal port:6379 ssl_enable: true
2023-02-27 20:27:40,245 INFO o.a.j.e.J.Get IP: Redis: connected! ping --> PONG
2023-02-27 20:27:40,253 INFO o.a.j.e.J.Get IP: Response code: 200
2023-02-27 20:27:40,281 INFO o.a.j.e.J.Get IP: Redis: 1
2023-02-27 20:27:40,283 INFO o.a.j.e.J.Get IP: Redis: Write is successful!
2023-02-27 20:27:40,287 INFO o.a.j.e.J.Get IP: Redis: disconnected and closed!
2023-02-27 20:27:40,288 INFO o.a.j.t.JMeterThread: Thread is done: 172.28.5.20-Thread Group Client Inspection 3-1
2023-02-27 20:27:40,289 INFO o.a.j.t.JMeterThread: Thread finished: 172.28.5.20-Thread Group Client Inspection 3-1
2023-02-27 20:27:40,462 INFO o.a.j.e.J.BasicAuth: Redis: Connection Details: Host:host.docker.internal port:6379 ssl_enable: true
2023-02-27 20:27:40,509 INFO o.a.j.e.J.BasicAuth: Redis: connected! ping --> PONG
2023-02-27 20:27:40,510 INFO o.a.j.e.J.BasicAuth: Response code: 401
2023-02-27 20:27:40,516 INFO o.a.j.e.J.BasicAuth: Redis: 2
2023-02-27 20:27:40,517 INFO o.a.j.e.J.BasicAuth: Redis: Write is successful!
2023-02-27 20:27:40,523 INFO o.a.j.e.J.BasicAuth: Redis: disconnected and closed!
2023-02-27 20:27:40,525 INFO o.a.j.t.JMeterThread: Thread is done: 172.28.5.20-Thread Group Auth 2-1
2023-02-27 20:27:40,526 INFO o.a.j.t.JMeterThread: Thread finished: 172.28.5.20-Thread Group Auth 2-1
2023-02-27 20:27:42,988 INFO o.a.j.t.JMeterThread: Thread started: 172.28.5.20-Thread Group HTTP Methods 1-1
2023-02-27 20:27:44,093 INFO o.a.j.e.J.Get: Redis: Connection Details: Host:host.docker.internal port:6379 ssl_enable: true
2023-02-27 20:27:44,131 INFO o.a.j.e.J.Get: Redis: connected! ping --> PONG
2023-02-27 20:27:44,132 INFO o.a.j.e.J.Get: Response code: 200
2023-02-27 20:27:44,163 INFO o.a.j.e.J.Get: Redis: 3
2023-02-27 20:27:44,163 INFO o.a.j.e.J.Get: Redis: Write is successful!
2023-02-27 20:27:44,185 INFO o.a.j.e.J.Get: Redis: disconnected and closed!
2023-02-27 20:27:44,186 INFO o.a.j.t.JMeterThread: Thread is done: 172.28.5.20-Thread Group HTTP Methods 1-1
2023-02-27 20:27:44,221 INFO o.a.j.t.JMeterThread: Thread finished: 172.28.5.20-Thread Group HTTP Methods 1-1
2023-02-27 20:27:44,226 INFO o.a.j.e.StandardJMeterEngine: Starting tearDown thread groups
2023-02-27 20:27:44,227 INFO o.a.j.e.StandardJMeterEngine: Starting tearDown ThreadGroup: 1 : tearDown Thread Group
2023-02-27 20:27:44,228 INFO o.a.j.e.StandardJMeterEngine: Starting 1 threads for group tearDown Thread Group.
2023-02-27 20:27:44,228 INFO o.a.j.e.StandardJMeterEngine: Thread will continue on error
2023-02-27 20:27:44,229 INFO o.a.j.t.ThreadGroup: Starting thread group... number=1 threads=1 ramp-up=1 delayedStart=false
2023-02-27 20:27:44,230 INFO o.a.j.t.ThreadGroup: Started thread group number 1
2023-02-27 20:28:44,230 INFO o.a.j.t.JMeterThread: Thread started: 172.28.5.20-tearDown Thread Group 1-1
2023-02-27 20:28:44,267 INFO o.a.j.p.j.s.J.Set up jedis connection: Redis: Connection Details: Host:host.docker.internal port:6379 ssl_enable: true
2023-02-27 20:28:44,295 INFO o.a.j.p.j.s.J.Set up jedis connection: Redis: connected! ping --> PONG
2023-02-27 20:28:44,435 INFO o.a.j.m.J.Get Redis Data: Redis: key jmeter:data contains 3 record/s
2023-02-27 20:28:44,457 INFO o.a.j.p.j.s.J.Get Redis Data: Get IP: c08b548ffa02-27022023-2127381-50004: Got Sampler Name: Get IP: c08b548ffa02-27022023-2127381-50004
2023-02-27 20:28:44,462 INFO o.a.j.m.J.Get Redis Data: Redis: key jmeter:data contains 2 record/s
2023-02-27 20:28:44,467 INFO o.a.j.p.j.s.J.Get Redis Data: BasicAuth: c08b548ffa02-27022023-2127381-67457: Got Sampler Name: BasicAuth: c08b548ffa02-27022023-2127381-67457
2023-02-27 20:28:44,472 INFO o.a.j.m.J.Get Redis Data: Redis: key jmeter:data contains 1 record/s
2023-02-27 20:28:44,477 INFO o.a.j.p.j.s.J.Get Redis Data: Get: c08b548ffa02-27022023-2127430-43933: Got Sampler Name: Get: c08b548ffa02-27022023-2127430-43933
2023-02-27 20:28:44,483 INFO o.a.j.m.J.Get Redis Data: Redis: key jmeter:data contains 0 record/s
2023-02-27 20:28:44,484 INFO o.a.j.m.J.Get Redis Data: Redis: Data not found
2023-02-27 20:28:44,488 INFO o.a.j.m.J.Get Redis Data: Redis: disconnected and closed!
2023-02-27 20:28:44,494 INFO o.a.j.t.JMeterThread: Stopping: 172.28.5.20-tearDown Thread Group 1-1
2023-02-27 20:28:44,494 INFO o.a.j.t.JMeterThread: Thread finished: 172.28.5.20-tearDown Thread Group 1-1
2023-02-27 20:28:44,496 INFO o.a.j.e.StandardJMeterEngine: Notifying test listeners of end of test
2023-02-27 20:28:44,496 INFO o.a.j.s.DataStrippingSampleSender: Test Ended on 172.28.5.20
2023-02-27 20:28:44,497 INFO o.a.j.s.BatchSampleSender: Test Ended on 172.28.5.20
2023-02-27 20:28:44,571 INFO o.a.j.s.DataStrippingSampleSender: Test Ended on 172.28.5.20
2023-02-27 20:28:44,571 INFO o.a.j.s.BatchSampleSender: Test Ended on 172.28.5.20
2023-02-27 20:28:44,665 INFO o.a.j.s.DataStrippingSampleSender: Test Ended on 172.28.5.20
2023-02-27 20:28:44,666 INFO o.a.j.s.BatchSampleSender: Test Ended on 172.28.5.20
2023-02-27 20:28:44,689 INFO o.a.j.e.StandardJMeterEngine: Test has ended on host 172.28.5.20 
